[35m[Appium][39m Welcome to Appium v1.22.3
[35m[Appium][39m Non-default server args:
[35m[Appium][39m   port: 58640
[35m[Appium][39m   loglevel: info
[35m[Appium][39m   tmpDir: C:\Users\USER\AppData\Local\Temp\\Katalon\Appium\Temp1708078429532
[35m[Appium][39m   chromedriverPort: 58641
[35m[Appium][39m Deprecated server args:
[35m[Appium][39m   [31m--chromedriver-port[39m => --default-capabilities
[35m[Appium][39m Default capabilities, which will be added to each request unless overridden by desired capabilities:
[35m[Appium][39m   chromedriverPort: 58641
[35m[Appium][39m Appium REST http interface listener started on 0.0.0.0:58640
[35m[HTTP][39m [37m-->[39m [37mGET[39m [37m/wd/hub/status[39m
[35m[HTTP][39m [90m{}[39m
[35m[HTTP][39m [37m<-- GET /wd/hub/status [39m[32m200[39m [90m7 ms - 68[39m
[35m[HTTP][39m [90m[39m
[35m[HTTP][39m [37m-->[39m [37mGET[39m [37m/wd/hub/status[39m
[35m[HTTP][39m [90m{}[39m
[35m[HTTP][39m [37m<-- GET /wd/hub/status [39m[32m200[39m [90m1 ms - 68[39m
[35m[HTTP][39m [90m[39m
[35m[HTTP][39m [37m-->[39m [37mPOST[39m [37m/wd/hub/session[39m
[35m[HTTP][39m [90m{"desiredCapabilities":{"appActivity":".Settings","appPackage":"com.android.settings","newCommandTimeout":1800,"platformVersion":"6.0","autoGrantPermissions":true,"platformName":"Android","udid":"Y9554SQWZD85YDOR","deviceName":"LENOVO Lenovo A7010a48 (Android 6.0)","platform":"ANDROID","systemPort":8247},"capabilities":{"firstMatch":[{"appium:appActivity":".Settings","appium:appPackage":"com.android.settings","appium:autoGrantPermissions":true,"appium:deviceName":"LENOVO Lenovo A7010a48 (Android 6.0)","appium:newCommandTimeout":1800,"platform":"ANDROID","platformName":"android","appium:platformVersion":"6.0","appium:systemPort":8247,"appium:udid":"Y9554SQWZD85YDOR"}]}}[39m
[35m[BaseDriver][39m The following capabilities are not standard capabilities and should have an extension prefix:
[35m[BaseDriver][39m   platform
[35m[BaseDriver][39m   chromedriverPort
[35m[Appium][39m 
[35m[Appium][39m ======================================================================
[35m[Appium][39m   DEPRECATION WARNING:
[35m[Appium][39m 
[35m[Appium][39m   The 'automationName' capability was not provided in the desired 
[35m[Appium][39m   capabilities for this Android session
[35m[Appium][39m 
[35m[Appium][39m   Setting 'automationName=UiAutomator2' by default and using the 
[35m[Appium][39m   UiAutomator2 Driver
[35m[Appium][39m 
[35m[Appium][39m   The next major version of Appium (2.x) will **require** the 
[35m[Appium][39m   'automationName' capability to be set for all sessions on all 
[35m[Appium][39m   platforms
[35m[Appium][39m 
[35m[Appium][39m   In previous versions (Appium <= 1.13.x), the default was 
[35m[Appium][39m   'automationName=UiAutomator1'
[35m[Appium][39m 
[35m[Appium][39m   If you wish to use that automation instead of UiAutomator2, please 
[35m[Appium][39m   add 'automationName=UiAutomator1' to your desired capabilities
[35m[Appium][39m 
[35m[Appium][39m   For more information about drivers, please visit 
[35m[Appium][39m   http://appium.io/docs/en/about-appium/intro/ and explore the 
[35m[Appium][39m   'Drivers' menu
[35m[Appium][39m 
[35m[Appium][39m ======================================================================
[35m[Appium][39m 
[35m[Appium][39m Appium v1.22.3 creating new AndroidUiautomator2Driver (v1.70.1) session
[35m[BaseDriver][39m The following capabilities were provided, but are not recognized by Appium:
[35m[BaseDriver][39m   platform
[35m[BaseDriver][39m Session created with session id: ef94bb9a-7186-44f9-a812-4100e13ecb01
[35m[UiAutomator2][39m Starting 'com.android.settings' directly on the device
[35m[ADB][39m Found 1 'build-tools' folders under 'C:\Users\USER\.katalon\tools\android_sdk' (newest first):
[35m[ADB][39m     C:/Users/USER/.katalon/tools/android_sdk/build-tools/29.0.3
[35m[ADB][39m Using 'adb.exe' from 'C:\Users\USER\.katalon\tools\android_sdk\platform-tools\adb.exe'
[35m[AndroidDriver][39m Retrieving device list
[35m[AndroidDriver][39m Using device: Y9554SQWZD85YDOR
[35m[ADB][39m Using 'adb.exe' from 'C:\Users\USER\.katalon\tools\android_sdk\platform-tools\adb.exe'
[35m[AndroidDriver][39m No app sent in, not parsing package/activity
[35m[ADB][39m Using 'apksigner.jar' from 'C:\Users\USER\.katalon\tools\android_sdk\build-tools\29.0.3\lib\apksigner.jar'
[35m[ADB][39m 'C:\Users\USER\AppData\Roaming\npm\node_modules\appium\node_modules\appium-uiautomator2-server\apks\appium-uiautomator2-server-v4.27.0.apk' is signed with the default certificate
[35m[ADB][39m 'C:\Users\USER\AppData\Roaming\npm\node_modules\appium\node_modules\appium-uiautomator2-server\apks\appium-uiautomator2-server-debug-androidTest.apk' is signed with the default certificate
[35m[UiAutomator2][39m Server packages are not going to be (re)installed
[35m[ADB][39m Adding packages ["io.appium.settings","io.appium.uiautomator2.server","io.appium.uiautomator2.server.test"] to Doze whitelist
[35m[UiAutomator2][39m Starting UIAutomator2 server 4.27.0
[35m[UiAutomator2][39m Using UIAutomator2 server from 'C:\Users\USER\AppData\Roaming\npm\node_modules\appium\node_modules\appium-uiautomator2-server\apks\appium-uiautomator2-server-v4.27.0.apk' and test from 'C:\Users\USER\AppData\Roaming\npm\node_modules\appium\node_modules\appium-uiautomator2-server\apks\appium-uiautomator2-server-debug-androidTest.apk'
[35m[UiAutomator2][39m Waiting up to 30000ms for UiAutomator2 to be online...
[35m[WD Proxy][39m socket hang up
[35m[WD Proxy][39m socket hang up
[35m[WD Proxy][39m socket hang up
[35m[WD Proxy][39m Determined the downstream protocol as 'W3C'
[35m[AndroidDriver][39m Screen already unlocked, doing nothing
[35m[UiAutomator2][39m Starting 'com.android.settings/.Settings and waiting for 'com.android.settings/.Settings'
[35m[Appium][39m New AndroidUiautomator2Driver session created successfully, session ef94bb9a-7186-44f9-a812-4100e13ecb01 added to master session list
[35m[HTTP][39m [37m<-- POST /wd/hub/session [39m[32m200[39m [90m19181 ms - 1125[39m
[35m[HTTP][39m [90m[39m
[35m[HTTP][39m [37m-->[39m [37mGET[39m [37m/wd/hub/session/ef94bb9a-7186-44f9-a812-4100e13ecb01[39m
[35m[HTTP][39m [90m{}[39m
[35m[HTTP][39m [37m<-- GET /wd/hub/session/ef94bb9a-7186-44f9-a812-4100e13ecb01 [39m[32m200[39m [90m15 ms - 1079[39m
[35m[HTTP][39m [90m[39m
[35m[HTTP][39m [37m-->[39m [37mGET[39m [37m/wd/hub/session/ef94bb9a-7186-44f9-a812-4100e13ecb01[39m
[35m[HTTP][39m [90m{}[39m
[35m[HTTP][39m [37m<-- GET /wd/hub/session/ef94bb9a-7186-44f9-a812-4100e13ecb01 [39m[32m200[39m [90m16 ms - 1079[39m
[35m[HTTP][39m [90m[39m
[35m[HTTP][39m [37m-->[39m [37mGET[39m [37m/wd/hub/status[39m
[35m[HTTP][39m [90m{}[39m
[35m[HTTP][39m [37m<-- GET /wd/hub/status [39m[32m200[39m [90m1 ms - 68[39m
[35m[HTTP][39m [90m[39m
[35m[HTTP][39m [37m-->[39m [37mPOST[39m [37m/wd/hub/session/ef94bb9a-7186-44f9-a812-4100e13ecb01/timeouts[39m
[35m[HTTP][39m [90m{"implicit":60000}[39m
[35m[HTTP][39m [37m<-- POST /wd/hub/session/ef94bb9a-7186-44f9-a812-4100e13ecb01/timeouts [39m[32m200[39m [90m3 ms - 14[39m
[35m[HTTP][39m [90m[39m
[35m[HTTP][39m [37m-->[39m [37mGET[39m [37m/wd/hub/session/ef94bb9a-7186-44f9-a812-4100e13ecb01/screenshot[39m
[35m[HTTP][39m [90m{}[39m
[35m[HTTP][39m [37m<-- GET /wd/hub/session/ef94bb9a-7186-44f9-a812-4100e13ecb01/screenshot [39m[32m200[39m [90m987 ms - 141710[39m
[35m[HTTP][39m [90m[39m
[35m[HTTP][39m [37m-->[39m [37mGET[39m [37m/wd/hub/session/ef94bb9a-7186-44f9-a812-4100e13ecb01/window/rect[39m
[35m[HTTP][39m [90m{}[39m
[35m[HTTP][39m [37m<-- GET /wd/hub/session/ef94bb9a-7186-44f9-a812-4100e13ecb01/window/rect [39m[32m200[39m [90m39 ms - 50[39m
[35m[HTTP][39m [90m[39m
[35m[HTTP][39m [37m-->[39m [37mGET[39m [37m/wd/hub/session/ef94bb9a-7186-44f9-a812-4100e13ecb01/appium/device/system_bars[39m
[35m[HTTP][39m [90m{}[39m
[35m[HTTP][39m [37m<-- GET /wd/hub/session/ef94bb9a-7186-44f9-a812-4100e13ecb01/appium/device/system_bars [39m[31m500[39m [90m213 ms - 645[39m
[35m[HTTP][39m [90m[39m
[35m[HTTP][39m [37m-->[39m [37mPOST[39m [37m/wd/hub/session/ef94bb9a-7186-44f9-a812-4100e13ecb01/execute/sync[39m
[35m[HTTP][39m [90m{"script":"mobile:viewportRect","args":[]}[39m
[35m[AndroidDriver][39m Executing native command 'mobile:viewportRect'
[35m[HTTP][39m [37m<-- POST /wd/hub/session/ef94bb9a-7186-44f9-a812-4100e13ecb01/execute/sync [39m[32m200[39m [90m20 ms - 56[39m
[35m[HTTP][39m [90m[39m
[35m[HTTP][39m [37m-->[39m [37mPOST[39m [37m/wd/hub/session/ef94bb9a-7186-44f9-a812-4100e13ecb01/appium/device/activate_app[39m
[35m[HTTP][39m [90m{"bundleId":"com.astro.shop"}[39m
[35m[HTTP][39m [37m<-- POST /wd/hub/session/ef94bb9a-7186-44f9-a812-4100e13ecb01/appium/device/activate_app [39m[32m200[39m [90m1112 ms - 14[39m
[35m[HTTP][39m [90m[39m
[35m[HTTP][39m [37m-->[39m [37mGET[39m [37m/wd/hub/session/ef94bb9a-7186-44f9-a812-4100e13ecb01/source[39m
[35m[HTTP][39m [90m{}[39m
[35m[W3C (ef94bb9a)][39m Driver proxy active, passing request on via HTTP proxy
[35m[WD Proxy][39m Replacing sessionId 7447dbb1-3d9a-4acb-86da-402dd9770d39 with ef94bb9a-7186-44f9-a812-4100e13ecb01
[35m[HTTP][39m [37m<-- GET /wd/hub/session/ef94bb9a-7186-44f9-a812-4100e13ecb01/source [39m[32m200[39m [90m453 ms - 30697[39m
[35m[HTTP][39m [90m[39m
[35m[HTTP][39m [37m-->[39m [37mGET[39m [37m/wd/hub/session/ef94bb9a-7186-44f9-a812-4100e13ecb01/screenshot[39m
[35m[HTTP][39m [90m{}[39m
[35m[HTTP][39m [37m<-- GET /wd/hub/session/ef94bb9a-7186-44f9-a812-4100e13ecb01/screenshot [39m[32m200[39m [90m1278 ms - 141682[39m
[35m[HTTP][39m [90m[39m
[35m[HTTP][39m [37m-->[39m [37mGET[39m [37m/wd/hub/session/ef94bb9a-7186-44f9-a812-4100e13ecb01/context[39m
[35m[HTTP][39m [90m{}[39m
[35m[HTTP][39m [37m<-- GET /wd/hub/session/ef94bb9a-7186-44f9-a812-4100e13ecb01/context [39m[32m200[39m [90m2 ms - 22[39m
[35m[HTTP][39m [90m[39m
[35m[HTTP][39m [37m-->[39m [37mGET[39m [37m/wd/hub/session/ef94bb9a-7186-44f9-a812-4100e13ecb01/contexts[39m
[35m[HTTP][39m [90m{}[39m
[35m[HTTP][39m [37m<-- GET /wd/hub/session/ef94bb9a-7186-44f9-a812-4100e13ecb01/contexts [39m[32m200[39m [90m203 ms - 63[39m
[35m[HTTP][39m [90m[39m
[35m[HTTP][39m [37m-->[39m [37mPOST[39m [37m/wd/hub/session/ef94bb9a-7186-44f9-a812-4100e13ecb01/context[39m
[35m[HTTP][39m [90m{"name":"NATIVE_APP"}[39m
[35m[HTTP][39m [37m<-- POST /wd/hub/session/ef94bb9a-7186-44f9-a812-4100e13ecb01/context [39m[32m200[39m [90m2 ms - 14[39m
[35m[HTTP][39m [90m[39m
[35m[HTTP][39m [37m-->[39m [37mPOST[39m [37m/wd/hub/session/ef94bb9a-7186-44f9-a812-4100e13ecb01/appium/device/press_keycode[39m
[35m[HTTP][39m [90m{"keycode":4}[39m
[35m[HTTP][39m [37m<-- POST /wd/hub/session/ef94bb9a-7186-44f9-a812-4100e13ecb01/appium/device/press_keycode [39m[32m200[39m [90m426 ms - 14[39m
[35m[HTTP][39m [90m[39m
[35m[HTTP][39m [37m-->[39m [37mPOST[39m [37m/wd/hub/session/ef94bb9a-7186-44f9-a812-4100e13ecb01/context[39m
[35m[HTTP][39m [90m{"name":"NATIVE_APP"}[39m
[35m[HTTP][39m [37m<-- POST /wd/hub/session/ef94bb9a-7186-44f9-a812-4100e13ecb01/context [39m[32m200[39m [90m3 ms - 14[39m
[35m[HTTP][39m [90m[39m
[35m[HTTP][39m [37m-->[39m [37mGET[39m [37m/wd/hub/session/ef94bb9a-7186-44f9-a812-4100e13ecb01/source[39m
[35m[HTTP][39m [90m{}[39m
[35m[W3C (ef94bb9a)][39m Driver proxy active, passing request on via HTTP proxy
[35m[WD Proxy][39m Replacing sessionId 7447dbb1-3d9a-4acb-86da-402dd9770d39 with ef94bb9a-7186-44f9-a812-4100e13ecb01
[35m[HTTP][39m [37m<-- GET /wd/hub/session/ef94bb9a-7186-44f9-a812-4100e13ecb01/source [39m[32m200[39m [90m7923 ms - 24469[39m
[35m[HTTP][39m [90m[39m
[35m[HTTP][39m [37m-->[39m [37mGET[39m [37m/wd/hub/session/ef94bb9a-7186-44f9-a812-4100e13ecb01/screenshot[39m
[35m[HTTP][39m [90m{}[39m
[35m[HTTP][39m [37m<-- GET /wd/hub/session/ef94bb9a-7186-44f9-a812-4100e13ecb01/screenshot [39m[32m200[39m [90m3310 ms - 1145714[39m
[35m[HTTP][39m [90m[39m
[35m[HTTP][39m [37m-->[39m [37mPOST[39m [37m/wd/hub/session/ef94bb9a-7186-44f9-a812-4100e13ecb01/elements[39m
[35m[HTTP][39m [90m{"using":"xpath","value":"//*[@class = 'android.view.View' and (@text = '' or . = '')]"}[39m
[35m[HTTP][39m [37m<-- POST /wd/hub/session/ef94bb9a-7186-44f9-a812-4100e13ecb01/elements [39m[32m200[39m [90m1129 ms - 5003[39m
[35m[HTTP][39m [90m[39m
[35m[HTTP][39m [37m-->[39m [37mPOST[39m [37m/wd/hub/session/ef94bb9a-7186-44f9-a812-4100e13ecb01/elements[39m
[35m[HTTP][39m [90m{"using":"-android uiautomator","value":"new UiSelector().className(\"android.view.View\")"}[39m
[35m[HTTP][39m [37m<-- POST /wd/hub/session/ef94bb9a-7186-44f9-a812-4100e13ecb01/elements [39m[32m200[39m [90m6655 ms - 5003[39m
[35m[HTTP][39m [90m[39m
[35m[HTTP][39m [37m-->[39m [37mGET[39m [37m/wd/hub/session/ef94bb9a-7186-44f9-a812-4100e13ecb01/window/rect[39m
[35m[HTTP][39m [90m{}[39m
[35m[HTTP][39m [37m<-- GET /wd/hub/session/ef94bb9a-7186-44f9-a812-4100e13ecb01/window/rect [39m[32m200[39m [90m21 ms - 50[39m
[35m[HTTP][39m [90m[39m
[35m[HTTP][39m [37m-->[39m [37mPOST[39m [37m/wd/hub/session/ef94bb9a-7186-44f9-a812-4100e13ecb01/elements[39m
[35m[HTTP][39m [90m{"using":"xpath","value":"//hierarchy/android.widget.FrameLayout[1]/android.widget.LinearLayout[1]/android.widget.FrameLayout[1]/androidx.compose.ui.platform.ComposeView[1]/android.view.View[1]/android.view.View[1]/android.view.View[2]/android.view.View[1]/android.view.View[4]"}[39m
[35m[HTTP][39m [37m<-- POST /wd/hub/session/ef94bb9a-7186-44f9-a812-4100e13ecb01/elements [39m[32m200[39m [90m473 ms - 139[39m
[35m[HTTP][39m [90m[39m
[35m[HTTP][39m [37m-->[39m [37mGET[39m [37m/wd/hub/session/ef94bb9a-7186-44f9-a812-4100e13ecb01/element/00000000-0000-028b-0000-004900000007/location[39m
[35m[HTTP][39m [90m{}[39m
[35m[W3C (ef94bb9a)][39m Driver proxy active, passing request on via HTTP proxy
[35m[WD Proxy][39m Replacing sessionId 7447dbb1-3d9a-4acb-86da-402dd9770d39 with ef94bb9a-7186-44f9-a812-4100e13ecb01
[35m[HTTP][39m [37m<-- GET /wd/hub/session/ef94bb9a-7186-44f9-a812-4100e13ecb01/element/00000000-0000-028b-0000-004900000007/location [39m[32m200[39m [90m35 ms - 79[39m
[35m[HTTP][39m [90m[39m
[35m[HTTP][39m [37m-->[39m [37mPOST[39m [37m/wd/hub/session/ef94bb9a-7186-44f9-a812-4100e13ecb01/element/00000000-0000-028b-0000-004900000007/click[39m
[35m[HTTP][39m [90m{"id":"00000000-0000-028b-0000-004900000007"}[39m
[35m[HTTP][39m [37m<-- POST /wd/hub/session/ef94bb9a-7186-44f9-a812-4100e13ecb01/element/00000000-0000-028b-0000-004900000007/click [39m[32m200[39m [90m575 ms - 14[39m
[35m[HTTP][39m [90m[39m
[35m[HTTP][39m [37m-->[39m [37mGET[39m [37m/wd/hub/session/ef94bb9a-7186-44f9-a812-4100e13ecb01/source[39m
[35m[HTTP][39m [90m{}[39m
[35m[W3C (ef94bb9a)][39m Driver proxy active, passing request on via HTTP proxy
[35m[WD Proxy][39m Replacing sessionId 7447dbb1-3d9a-4acb-86da-402dd9770d39 with ef94bb9a-7186-44f9-a812-4100e13ecb01
[35m[HTTP][39m [37m<-- GET /wd/hub/session/ef94bb9a-7186-44f9-a812-4100e13ecb01/source [39m[32m200[39m [90m3002 ms - 19058[39m
[35m[HTTP][39m [90m[39m
[35m[HTTP][39m [37m-->[39m [37mGET[39m [37m/wd/hub/session/ef94bb9a-7186-44f9-a812-4100e13ecb01/screenshot[39m
[35m[HTTP][39m [90m{}[39m
[35m[HTTP][39m [37m<-- GET /wd/hub/session/ef94bb9a-7186-44f9-a812-4100e13ecb01/screenshot [39m[32m200[39m [90m1130 ms - 192210[39m
[35m[HTTP][39m [90m[39m
[35m[HTTP][39m [37m-->[39m [37mPOST[39m [37m/wd/hub/session/ef94bb9a-7186-44f9-a812-4100e13ecb01/elements[39m
[35m[HTTP][39m [90m{"using":"xpath","value":"//*[@class = 'android.view.View' and (@text = '' or . = '')]"}[39m
[35m[HTTP][39m [37m<-- POST /wd/hub/session/ef94bb9a-7186-44f9-a812-4100e13ecb01/elements [39m[32m200[39m [90m488 ms - 4619[39m
[35m[HTTP][39m [90m[39m
[35m[HTTP][39m [37m-->[39m [37mPOST[39m [37m/wd/hub/session/ef94bb9a-7186-44f9-a812-4100e13ecb01/elements[39m
[35m[HTTP][39m [90m{"using":"-android uiautomator","value":"new UiSelector().className(\"android.view.View\")"}[39m
[35m[HTTP][39m [37m<-- POST /wd/hub/session/ef94bb9a-7186-44f9-a812-4100e13ecb01/elements [39m[32m200[39m [90m4962 ms - 4619[39m
[35m[HTTP][39m [90m[39m
[35m[HTTP][39m [37m-->[39m [37mGET[39m [37m/wd/hub/session/ef94bb9a-7186-44f9-a812-4100e13ecb01/window/rect[39m
[35m[HTTP][39m [90m{}[39m
[35m[HTTP][39m [37m<-- GET /wd/hub/session/ef94bb9a-7186-44f9-a812-4100e13ecb01/window/rect [39m[32m200[39m [90m16 ms - 50[39m
[35m[HTTP][39m [90m[39m
[35m[HTTP][39m [37m-->[39m [37mPOST[39m [37m/wd/hub/session/ef94bb9a-7186-44f9-a812-4100e13ecb01/elements[39m
[35m[HTTP][39m [90m{"using":"xpath","value":"//hierarchy/android.widget.FrameLayout[1]/android.widget.LinearLayout[1]/android.widget.FrameLayout[1]/androidx.compose.ui.platform.ComposeView[1]/android.view.View[1]/android.view.View[1]/android.view.View[1]/android.view.View[1]/android.view.View[3]"}[39m
[35m[HTTP][39m [37m<-- POST /wd/hub/session/ef94bb9a-7186-44f9-a812-4100e13ecb01/elements [39m[32m200[39m [90m254 ms - 139[39m
[35m[HTTP][39m [90m[39m
[35m[HTTP][39m [37m-->[39m [37mGET[39m [37m/wd/hub/session/ef94bb9a-7186-44f9-a812-4100e13ecb01/element/00000000-0000-028b-0000-033200000007/location[39m
[35m[HTTP][39m [90m{}[39m
[35m[W3C (ef94bb9a)][39m Driver proxy active, passing request on via HTTP proxy
[35m[WD Proxy][39m Replacing sessionId 7447dbb1-3d9a-4acb-86da-402dd9770d39 with ef94bb9a-7186-44f9-a812-4100e13ecb01
[35m[HTTP][39m [37m<-- GET /wd/hub/session/ef94bb9a-7186-44f9-a812-4100e13ecb01/element/00000000-0000-028b-0000-033200000007/location [39m[32m200[39m [90m25 ms - 77[39m
[35m[HTTP][39m [90m[39m
[35m[HTTP][39m [37m-->[39m [37mPOST[39m [37m/wd/hub/session/ef94bb9a-7186-44f9-a812-4100e13ecb01/element/00000000-0000-028b-0000-033200000007/click[39m
[35m[HTTP][39m [90m{"id":"00000000-0000-028b-0000-033200000007"}[39m
[35m[HTTP][39m [37m<-- POST /wd/hub/session/ef94bb9a-7186-44f9-a812-4100e13ecb01/element/00000000-0000-028b-0000-033200000007/click [39m[32m200[39m [90m246 ms - 14[39m
[35m[HTTP][39m [90m[39m
[35m[HTTP][39m [37m-->[39m [37mGET[39m [37m/wd/hub/session/ef94bb9a-7186-44f9-a812-4100e13ecb01/source[39m
[35m[HTTP][39m [90m{}[39m
[35m[W3C (ef94bb9a)][39m Driver proxy active, passing request on via HTTP proxy
[35m[WD Proxy][39m Replacing sessionId 7447dbb1-3d9a-4acb-86da-402dd9770d39 with ef94bb9a-7186-44f9-a812-4100e13ecb01
[35m[HTTP][39m [37m<-- GET /wd/hub/session/ef94bb9a-7186-44f9-a812-4100e13ecb01/source [39m[32m200[39m [90m2441 ms - 8375[39m
[35m[HTTP][39m [90m[39m
[35m[HTTP][39m [37m-->[39m [37mGET[39m [37m/wd/hub/session/ef94bb9a-7186-44f9-a812-4100e13ecb01/screenshot[39m
[35m[HTTP][39m [90m{}[39m
[35m[HTTP][39m [37m<-- GET /wd/hub/session/ef94bb9a-7186-44f9-a812-4100e13ecb01/screenshot [39m[32m200[39m [90m1493 ms - 416648[39m
[35m[HTTP][39m [90m[39m
[35m[HTTP][39m [37m-->[39m [37mGET[39m [37m/wd/hub/session/ef94bb9a-7186-44f9-a812-4100e13ecb01/context[39m
[35m[HTTP][39m [90m{}[39m
[35m[HTTP][39m [37m<-- GET /wd/hub/session/ef94bb9a-7186-44f9-a812-4100e13ecb01/context [39m[32m200[39m [90m1 ms - 22[39m
[35m[HTTP][39m [90m[39m
[35m[HTTP][39m [37m-->[39m [37mGET[39m [37m/wd/hub/session/ef94bb9a-7186-44f9-a812-4100e13ecb01/contexts[39m
[35m[HTTP][39m [90m{}[39m
[35m[HTTP][39m [37m<-- GET /wd/hub/session/ef94bb9a-7186-44f9-a812-4100e13ecb01/contexts [39m[32m200[39m [90m194 ms - 63[39m
[35m[HTTP][39m [90m[39m
[35m[HTTP][39m [37m-->[39m [37mPOST[39m [37m/wd/hub/session/ef94bb9a-7186-44f9-a812-4100e13ecb01/context[39m
[35m[HTTP][39m [90m{"name":"NATIVE_APP"}[39m
[35m[HTTP][39m [37m<-- POST /wd/hub/session/ef94bb9a-7186-44f9-a812-4100e13ecb01/context [39m[32m200[39m [90m1 ms - 14[39m
[35m[HTTP][39m [90m[39m
[35m[HTTP][39m [37m-->[39m [37mPOST[39m [37m/wd/hub/session/ef94bb9a-7186-44f9-a812-4100e13ecb01/appium/device/press_keycode[39m
[35m[HTTP][39m [90m{"keycode":4}[39m
[35m[HTTP][39m [37m<-- POST /wd/hub/session/ef94bb9a-7186-44f9-a812-4100e13ecb01/appium/device/press_keycode [39m[32m200[39m [90m105 ms - 14[39m
[35m[HTTP][39m [90m[39m
[35m[HTTP][39m [37m-->[39m [37mPOST[39m [37m/wd/hub/session/ef94bb9a-7186-44f9-a812-4100e13ecb01/context[39m
[35m[HTTP][39m [90m{"name":"NATIVE_APP"}[39m
[35m[HTTP][39m [37m<-- POST /wd/hub/session/ef94bb9a-7186-44f9-a812-4100e13ecb01/context [39m[32m200[39m [90m2 ms - 14[39m
[35m[HTTP][39m [90m[39m
[35m[HTTP][39m [37m-->[39m [37mGET[39m [37m/wd/hub/session/ef94bb9a-7186-44f9-a812-4100e13ecb01/source[39m
[35m[HTTP][39m [90m{}[39m
[35m[W3C (ef94bb9a)][39m Driver proxy active, passing request on via HTTP proxy
[35m[WD Proxy][39m Replacing sessionId 7447dbb1-3d9a-4acb-86da-402dd9770d39 with ef94bb9a-7186-44f9-a812-4100e13ecb01
[35m[HTTP][39m [37m<-- GET /wd/hub/session/ef94bb9a-7186-44f9-a812-4100e13ecb01/source [39m[32m200[39m [90m2417 ms - 22208[39m
[35m[HTTP][39m [90m[39m
[35m[HTTP][39m [37m-->[39m [37mGET[39m [37m/wd/hub/session/ef94bb9a-7186-44f9-a812-4100e13ecb01/screenshot[39m
[35m[HTTP][39m [90m{}[39m
[35m[HTTP][39m [37m<-- GET /wd/hub/session/ef94bb9a-7186-44f9-a812-4100e13ecb01/screenshot [39m[32m200[39m [90m1128 ms - 224772[39m
[35m[HTTP][39m [90m[39m
[35m[HTTP][39m [37m-->[39m [37mPOST[39m [37m/wd/hub/session/ef94bb9a-7186-44f9-a812-4100e13ecb01/elements[39m
[35m[HTTP][39m [90m{"using":"xpath","value":"//*[@class = 'android.view.View' and (@text = '' or . = '')]"}[39m
[35m[HTTP][39m [37m<-- POST /wd/hub/session/ef94bb9a-7186-44f9-a812-4100e13ecb01/elements [39m[32m200[39m [90m541 ms - 4619[39m
[35m[HTTP][39m [90m[39m
[35m[HTTP][39m [37m-->[39m [37mPOST[39m [37m/wd/hub/session/ef94bb9a-7186-44f9-a812-4100e13ecb01/elements[39m
[35m[HTTP][39m [90m{"using":"-android uiautomator","value":"new UiSelector().className(\"android.view.View\")"}[39m
[35m[HTTP][39m [37m<-- POST /wd/hub/session/ef94bb9a-7186-44f9-a812-4100e13ecb01/elements [39m[32m200[39m [90m3990 ms - 4619[39m
[35m[HTTP][39m [90m[39m
[35m[HTTP][39m [37m-->[39m [37mGET[39m [37m/wd/hub/session/ef94bb9a-7186-44f9-a812-4100e13ecb01/window/rect[39m
[35m[HTTP][39m [90m{}[39m
[35m[HTTP][39m [37m<-- GET /wd/hub/session/ef94bb9a-7186-44f9-a812-4100e13ecb01/window/rect [39m[32m200[39m [90m18 ms - 50[39m
[35m[HTTP][39m [90m[39m
[35m[HTTP][39m [37m-->[39m [37mPOST[39m [37m/wd/hub/session/ef94bb9a-7186-44f9-a812-4100e13ecb01/elements[39m
[35m[HTTP][39m [90m{"using":"xpath","value":"//hierarchy/android.widget.FrameLayout[1]/android.widget.LinearLayout[1]/android.widget.FrameLayout[1]/androidx.compose.ui.platform.ComposeView[1]/android.view.View[1]/android.view.View[1]/android.view.View[1]/android.view.View[1]/android.view.View[4]"}[39m
[35m[HTTP][39m [37m<-- POST /wd/hub/session/ef94bb9a-7186-44f9-a812-4100e13ecb01/elements [39m[32m200[39m [90m252 ms - 139[39m
[35m[HTTP][39m [90m[39m
[35m[HTTP][39m [37m-->[39m [37mGET[39m [37m/wd/hub/session/ef94bb9a-7186-44f9-a812-4100e13ecb01/element/00000000-0000-028b-0000-044800000007/location[39m
[35m[HTTP][39m [90m{}[39m
[35m[W3C (ef94bb9a)][39m Driver proxy active, passing request on via HTTP proxy
[35m[WD Proxy][39m Replacing sessionId 7447dbb1-3d9a-4acb-86da-402dd9770d39 with ef94bb9a-7186-44f9-a812-4100e13ecb01
[35m[HTTP][39m [37m<-- GET /wd/hub/session/ef94bb9a-7186-44f9-a812-4100e13ecb01/element/00000000-0000-028b-0000-044800000007/location [39m[32m200[39m [90m22 ms - 78[39m
[35m[HTTP][39m [90m[39m
[35m[HTTP][39m [37m-->[39m [37mPOST[39m [37m/wd/hub/session/ef94bb9a-7186-44f9-a812-4100e13ecb01/element/00000000-0000-028b-0000-044800000007/click[39m
[35m[HTTP][39m [90m{"id":"00000000-0000-028b-0000-044800000007"}[39m
[35m[HTTP][39m [37m<-- POST /wd/hub/session/ef94bb9a-7186-44f9-a812-4100e13ecb01/element/00000000-0000-028b-0000-044800000007/click [39m[32m200[39m [90m355 ms - 14[39m
[35m[HTTP][39m [90m[39m
[35m[HTTP][39m [37m-->[39m [37mGET[39m [37m/wd/hub/session/ef94bb9a-7186-44f9-a812-4100e13ecb01/source[39m
[35m[HTTP][39m [90m{}[39m
[35m[W3C (ef94bb9a)][39m Driver proxy active, passing request on via HTTP proxy
[35m[WD Proxy][39m Replacing sessionId 7447dbb1-3d9a-4acb-86da-402dd9770d39 with ef94bb9a-7186-44f9-a812-4100e13ecb01
[35m[HTTP][39m [37m<-- GET /wd/hub/session/ef94bb9a-7186-44f9-a812-4100e13ecb01/source [39m[32m200[39m [90m1325 ms - 9010[39m
[35m[HTTP][39m [90m[39m
[35m[HTTP][39m [37m-->[39m [37mGET[39m [37m/wd/hub/session/ef94bb9a-7186-44f9-a812-4100e13ecb01/screenshot[39m
[35m[HTTP][39m [90m{}[39m
[35m[HTTP][39m [37m<-- GET /wd/hub/session/ef94bb9a-7186-44f9-a812-4100e13ecb01/screenshot [39m[32m200[39m [90m930 ms - 96602[39m
[35m[HTTP][39m [90m[39m
[35m[HTTP][39m [37m-->[39m [37mPOST[39m [37m/wd/hub/session/ef94bb9a-7186-44f9-a812-4100e13ecb01/elements[39m
[35m[HTTP][39m [90m{"using":"xpath","value":"//*[@class = 'android.widget.EditText' and (@text = 'Arieff' or . = 'Arieff')]"}[39m
[35m[HTTP][39m [37m<-- POST /wd/hub/session/ef94bb9a-7186-44f9-a812-4100e13ecb01/elements [39m[32m200[39m [90m200 ms - 139[39m
[35m[HTTP][39m [90m[39m
[35m[HTTP][39m [37m-->[39m [37mGET[39m [37m/wd/hub/session/ef94bb9a-7186-44f9-a812-4100e13ecb01/window/rect[39m
[35m[HTTP][39m [90m{}[39m
[35m[HTTP][39m [37m<-- GET /wd/hub/session/ef94bb9a-7186-44f9-a812-4100e13ecb01/window/rect [39m[32m200[39m [90m17 ms - 50[39m
[35m[HTTP][39m [90m[39m
[35m[HTTP][39m [37m-->[39m [37mPOST[39m [37m/wd/hub/session/ef94bb9a-7186-44f9-a812-4100e13ecb01/elements[39m
[35m[HTTP][39m [90m{"using":"xpath","value":"//*[@class = 'android.widget.EditText' and (@text = 'Arieff' or . = 'Arieff')]"}[39m
[35m[HTTP][39m [37m<-- POST /wd/hub/session/ef94bb9a-7186-44f9-a812-4100e13ecb01/elements [39m[32m200[39m [90m165 ms - 139[39m
[35m[HTTP][39m [90m[39m
[35m[HTTP][39m [37m-->[39m [37mGET[39m [37m/wd/hub/session/ef94bb9a-7186-44f9-a812-4100e13ecb01/element/00000000-0000-028d-0000-04c200000019/location[39m
[35m[HTTP][39m [90m{}[39m
[35m[W3C (ef94bb9a)][39m Driver proxy active, passing request on via HTTP proxy
[35m[WD Proxy][39m Replacing sessionId 7447dbb1-3d9a-4acb-86da-402dd9770d39 with ef94bb9a-7186-44f9-a812-4100e13ecb01
[35m[HTTP][39m [37m<-- GET /wd/hub/session/ef94bb9a-7186-44f9-a812-4100e13ecb01/element/00000000-0000-028d-0000-04c200000019/location [39m[32m200[39m [90m57 ms - 77[39m
[35m[HTTP][39m [90m[39m
[35m[HTTP][39m [37m-->[39m [37mPOST[39m [37m/wd/hub/session/ef94bb9a-7186-44f9-a812-4100e13ecb01/element/00000000-0000-028d-0000-04c200000019/click[39m
[35m[HTTP][39m [90m{"id":"00000000-0000-028d-0000-04c200000019"}[39m
[35m[HTTP][39m [37m<-- POST /wd/hub/session/ef94bb9a-7186-44f9-a812-4100e13ecb01/element/00000000-0000-028d-0000-04c200000019/click [39m[32m200[39m [90m165 ms - 14[39m
[35m[HTTP][39m [90m[39m
[35m[HTTP][39m [37m-->[39m [37mGET[39m [37m/wd/hub/session/ef94bb9a-7186-44f9-a812-4100e13ecb01/source[39m
[35m[HTTP][39m [90m{}[39m
[35m[W3C (ef94bb9a)][39m Driver proxy active, passing request on via HTTP proxy
[35m[WD Proxy][39m Replacing sessionId 7447dbb1-3d9a-4acb-86da-402dd9770d39 with ef94bb9a-7186-44f9-a812-4100e13ecb01
[35m[HTTP][39m [37m<-- GET /wd/hub/session/ef94bb9a-7186-44f9-a812-4100e13ecb01/source [39m[32m200[39m [90m840 ms - 7843[39m
[35m[HTTP][39m [90m[39m
[35m[HTTP][39m [37m-->[39m [37mGET[39m [37m/wd/hub/session/ef94bb9a-7186-44f9-a812-4100e13ecb01/screenshot[39m
[35m[HTTP][39m [90m{}[39m
[35m[HTTP][39m [37m<-- GET /wd/hub/session/ef94bb9a-7186-44f9-a812-4100e13ecb01/screenshot [39m[32m200[39m [90m1088 ms - 179294[39m
[35m[HTTP][39m [90m[39m
[35m[HTTP][39m [37m-->[39m [37mPOST[39m [37m/wd/hub/session/ef94bb9a-7186-44f9-a812-4100e13ecb01/elements[39m
[35m[HTTP][39m [90m{"using":"xpath","value":"//*[@class = 'android.widget.EditText' and (@text = 'Arieff' or . = 'Arieff')]"}[39m
[35m[HTTP][39m [37m<-- POST /wd/hub/session/ef94bb9a-7186-44f9-a812-4100e13ecb01/elements [39m[32m200[39m [90m207 ms - 139[39m
[35m[HTTP][39m [90m[39m
[35m[HTTP][39m [37m-->[39m [37mGET[39m [37m/wd/hub/session/ef94bb9a-7186-44f9-a812-4100e13ecb01/window/rect[39m
[35m[HTTP][39m [90m{}[39m
[35m[HTTP][39m [37m<-- GET /wd/hub/session/ef94bb9a-7186-44f9-a812-4100e13ecb01/window/rect [39m[32m200[39m [90m17 ms - 50[39m
[35m[HTTP][39m [90m[39m
[35m[HTTP][39m [37m-->[39m [37mPOST[39m [37m/wd/hub/session/ef94bb9a-7186-44f9-a812-4100e13ecb01/elements[39m
[35m[HTTP][39m [90m{"using":"xpath","value":"//*[@class = 'android.widget.EditText' and (@text = 'Arieff' or . = 'Arieff')]"}[39m
[35m[HTTP][39m [37m<-- POST /wd/hub/session/ef94bb9a-7186-44f9-a812-4100e13ecb01/elements [39m[32m200[39m [90m211 ms - 139[39m
[35m[HTTP][39m [90m[39m
[35m[HTTP][39m [37m-->[39m [37mGET[39m [37m/wd/hub/session/ef94bb9a-7186-44f9-a812-4100e13ecb01/element/00000000-0000-028d-0000-04c200000019/location[39m
[35m[HTTP][39m [90m{}[39m
[35m[W3C (ef94bb9a)][39m Driver proxy active, passing request on via HTTP proxy
[35m[WD Proxy][39m Replacing sessionId 7447dbb1-3d9a-4acb-86da-402dd9770d39 with ef94bb9a-7186-44f9-a812-4100e13ecb01
[35m[HTTP][39m [37m<-- GET /wd/hub/session/ef94bb9a-7186-44f9-a812-4100e13ecb01/element/00000000-0000-028d-0000-04c200000019/location [39m[32m200[39m [90m457 ms - 77[39m
[35m[HTTP][39m [90m[39m
[35m[HTTP][39m [37m-->[39m [37mPOST[39m [37m/wd/hub/session/ef94bb9a-7186-44f9-a812-4100e13ecb01/element/00000000-0000-028d-0000-04c200000019/clear[39m
[35m[HTTP][39m [90m{"id":"00000000-0000-028d-0000-04c200000019"}[39m
[35m[HTTP][39m [37m<-- POST /wd/hub/session/ef94bb9a-7186-44f9-a812-4100e13ecb01/element/00000000-0000-028d-0000-04c200000019/clear [39m[32m200[39m [90m35 ms - 14[39m
[35m[HTTP][39m [90m[39m
[35m[HTTP][39m [37m-->[39m [37mPOST[39m [37m/wd/hub/session/ef94bb9a-7186-44f9-a812-4100e13ecb01/element/00000000-0000-028d-0000-04c200000019/value[39m
[35m[HTTP][39m [90m{"id":"00000000-0000-028d-0000-04c200000019","text":"Arief testing QA","value":["A","r","i","e","f"," ","t","e","s","t","i","n","g"," ","Q","A"]}[39m
[35m[HTTP][39m [37m<-- POST /wd/hub/session/ef94bb9a-7186-44f9-a812-4100e13ecb01/element/00000000-0000-028d-0000-04c200000019/value [39m[32m200[39m [90m128 ms - 14[39m
[35m[HTTP][39m [90m[39m
[35m[HTTP][39m [37m-->[39m [37mGET[39m [37m/wd/hub/session/ef94bb9a-7186-44f9-a812-4100e13ecb01/source[39m
[35m[HTTP][39m [90m{}[39m
[35m[W3C (ef94bb9a)][39m Driver proxy active, passing request on via HTTP proxy
[35m[WD Proxy][39m Replacing sessionId 7447dbb1-3d9a-4acb-86da-402dd9770d39 with ef94bb9a-7186-44f9-a812-4100e13ecb01
[35m[HTTP][39m [37m<-- GET /wd/hub/session/ef94bb9a-7186-44f9-a812-4100e13ecb01/source [39m[32m200[39m [90m694 ms - 7853[39m
[35m[HTTP][39m [90m[39m
[35m[HTTP][39m [37m-->[39m [37mGET[39m [37m/wd/hub/session/ef94bb9a-7186-44f9-a812-4100e13ecb01/screenshot[39m
[35m[HTTP][39m [90m{}[39m
[35m[HTTP][39m [37m<-- GET /wd/hub/session/ef94bb9a-7186-44f9-a812-4100e13ecb01/screenshot [39m[32m200[39m [90m1155 ms - 168054[39m
[35m[HTTP][39m [90m[39m
[35m[HTTP][39m [37m-->[39m [37mDELETE[39m [37m/wd/hub/session/ef94bb9a-7186-44f9-a812-4100e13ecb01[39m
[35m[HTTP][39m [90m{}[39m
[35m[Appium][39m Removing session ef94bb9a-7186-44f9-a812-4100e13ecb01 from our master session list
[35m[HTTP][39m [37m<-- DELETE /wd/hub/session/ef94bb9a-7186-44f9-a812-4100e13ecb01 [39m[32m200[39m [90m1751 ms - 14[39m
[35m[HTTP][39m [90m[39m
