<?xml version="1.0" encoding="UTF-8" standalone="no"?>
<!DOCTYPE log SYSTEM "logger.dtd">
<log>
<record>
  <date>2024-02-16T16:33:28</date>
  <millis>1708076008324</millis>
  <sequence>0</sequence>
  <level>START</level>
  <class>com.kms.katalon.core.logging.XmlKeywordLogger</class>
  <method>startSuite</method>
  <thread>1</thread>
  <message>Start Test Suite : Test Suites/S1 Quit apps from homepage</message>
  <nestedLevel>0</nestedLevel>
  <escapedJava>false</escapedJava>
  <property name="rerunTestFailImmediately">false</property>
  <property name="retryCount">0</property>
  <property name="name">S1 Quit apps from homepage</property>
  <property name="description"></property>
  <property name="id">Test Suites/S1 Quit apps from homepage</property>
</record>
<record>
  <date>2024-02-16T16:33:28</date>
  <millis>1708076008347</millis>
  <sequence>1</sequence>
  <level>RUN_DATA</level>
  <class>com.kms.katalon.core.logging.XmlKeywordLogger</class>
  <method>logMessage</method>
  <thread>1</thread>
  <message>hostName = USER - DESKTOP-VIB7852</message>
  <nestedLevel>0</nestedLevel>
  <escapedJava>false</escapedJava>
  <property name="hostName">USER - DESKTOP-VIB7852</property>
</record>
<record>
  <date>2024-02-16T16:33:28</date>
  <millis>1708076008348</millis>
  <sequence>2</sequence>
  <level>RUN_DATA</level>
  <class>com.kms.katalon.core.logging.XmlKeywordLogger</class>
  <method>logMessage</method>
  <thread>1</thread>
  <message>os = Windows 10 64bit</message>
  <nestedLevel>0</nestedLevel>
  <escapedJava>false</escapedJava>
  <property name="os">Windows 10 64bit</property>
</record>
<record>
  <date>2024-02-16T16:33:28</date>
  <millis>1708076008348</millis>
  <sequence>3</sequence>
  <level>RUN_DATA</level>
  <class>com.kms.katalon.core.logging.XmlKeywordLogger</class>
  <method>logMessage</method>
  <thread>1</thread>
  <message>hostAddress = 192.168.24.48</message>
  <nestedLevel>0</nestedLevel>
  <escapedJava>false</escapedJava>
  <property name="hostAddress">192.168.24.48</property>
</record>
<record>
  <date>2024-02-16T16:33:28</date>
  <millis>1708076008348</millis>
  <sequence>4</sequence>
  <level>RUN_DATA</level>
  <class>com.kms.katalon.core.logging.XmlKeywordLogger</class>
  <method>logMessage</method>
  <thread>1</thread>
  <message>katalonVersion = 8.6.8.208</message>
  <nestedLevel>0</nestedLevel>
  <escapedJava>false</escapedJava>
  <property name="katalonVersion">8.6.8.208</property>
</record>
<record>
  <date>2024-02-16T16:33:28</date>
  <millis>1708076008715</millis>
  <sequence>5</sequence>
  <level>START</level>
  <class>com.kms.katalon.core.logging.XmlKeywordLogger</class>
  <method>startTest</method>
  <thread>1</thread>
  <message>Start Test Case : Test Cases/Quit apps from home page</message>
  <nestedLevel>1</nestedLevel>
  <escapedJava>false</escapedJava>
  <property name="name">Test Cases/Quit apps from home page</property>
  <property name="description"></property>
  <property name="iteration"></property>
  <property name="id">Test Cases/Quit apps from home page</property>
  <property name="source">C:\Users\USER\Katalon Studio\Gitcode\Katalon-git-astro\Test Cases\Quit apps from home page.tc</property>
  <property name="tag"></property>
  <property name="isOptional">false</property>
</record>
<record>
  <date>2024-02-16T16:33:29</date>
  <millis>1708076009349</millis>
  <sequence>7</sequence>
  <level>START</level>
  <class>com.kms.katalon.core.logging.XmlKeywordLogger</class>
  <method>startKeyword</method>
  <thread>1</thread>
  <message>Start action : startExistingApplication(&amp;quot;com.astro.shop&amp;quot;)</message>
  <nestedLevel>1</nestedLevel>
  <escapedJava>false</escapedJava>
  <property name="startLine">20</property>
  <property name="stepIndex">1</property>
</record>
<record>
  <date>2024-02-16T16:33:30</date>
  <millis>1708076010102</millis>
  <sequence>9</sequence>
  <level>INFO</level>
  <class>com.kms.katalon.core.logging.XmlKeywordLogger</class>
  <method>logMessage</method>
  <thread>1</thread>
  <message>Detected NodeJS location: &amp;quot;C:\Program Files\nodejs\node.exe&amp;quot;</message>
  <nestedLevel>1</nestedLevel>
  <escapedJava>false</escapedJava>
</record>
<record>
  <date>2024-02-16T16:33:32</date>
  <millis>1708076012357</millis>
  <sequence>10</sequence>
  <level>INFO</level>
  <class>com.kms.katalon.core.logging.XmlKeywordLogger</class>
  <method>logMessage</method>
  <thread>1</thread>
  <message>Appium server started on port 55.105</message>
  <nestedLevel>1</nestedLevel>
  <escapedJava>false</escapedJava>
</record>
<record>
  <date>2024-02-16T16:33:43</date>
  <millis>1708076023263</millis>
  <sequence>11</sequence>
  <level>RUN_DATA</level>
  <class>com.kms.katalon.core.logging.XmlKeywordLogger</class>
  <method>logMessage</method>
  <thread>1</thread>
  <message>deviceId = Y9554SQWZD85YDOR</message>
  <nestedLevel>1</nestedLevel>
  <escapedJava>false</escapedJava>
  <property name="deviceId">Y9554SQWZD85YDOR</property>
</record>
<record>
  <date>2024-02-16T16:33:43</date>
  <millis>1708076023264</millis>
  <sequence>12</sequence>
  <level>RUN_DATA</level>
  <class>com.kms.katalon.core.logging.XmlKeywordLogger</class>
  <method>logMessage</method>
  <thread>1</thread>
  <message>deviceName = LENOVO Lenovo A7010a48 (Android 6.0)</message>
  <nestedLevel>1</nestedLevel>
  <escapedJava>false</escapedJava>
  <property name="deviceName">LENOVO Lenovo A7010a48 (Android 6.0)</property>
</record>
<record>
  <date>2024-02-16T16:33:43</date>
  <millis>1708076023264</millis>
  <sequence>13</sequence>
  <level>RUN_DATA</level>
  <class>com.kms.katalon.core.logging.XmlKeywordLogger</class>
  <method>logMessage</method>
  <thread>1</thread>
  <message>deviceModel = Lenovo A7010a48</message>
  <nestedLevel>1</nestedLevel>
  <escapedJava>false</escapedJava>
  <property name="deviceModel">Lenovo A7010a48</property>
</record>
<record>
  <date>2024-02-16T16:33:43</date>
  <millis>1708076023265</millis>
  <sequence>14</sequence>
  <level>RUN_DATA</level>
  <class>com.kms.katalon.core.logging.XmlKeywordLogger</class>
  <method>logMessage</method>
  <thread>1</thread>
  <message>deviceManufacturer = LENOVO</message>
  <nestedLevel>1</nestedLevel>
  <escapedJava>false</escapedJava>
  <property name="deviceManufacturer">LENOVO</property>
</record>
<record>
  <date>2024-02-16T16:33:43</date>
  <millis>1708076023265</millis>
  <sequence>15</sequence>
  <level>RUN_DATA</level>
  <class>com.kms.katalon.core.logging.XmlKeywordLogger</class>
  <method>logMessage</method>
  <thread>1</thread>
  <message>deviceOS = Android</message>
  <nestedLevel>1</nestedLevel>
  <escapedJava>false</escapedJava>
  <property name="deviceOS">Android</property>
</record>
<record>
  <date>2024-02-16T16:33:43</date>
  <millis>1708076023266</millis>
  <sequence>16</sequence>
  <level>RUN_DATA</level>
  <class>com.kms.katalon.core.logging.XmlKeywordLogger</class>
  <method>logMessage</method>
  <thread>1</thread>
  <message>deviceOSVersion = 6.0</message>
  <nestedLevel>1</nestedLevel>
  <escapedJava>false</escapedJava>
  <property name="deviceOSVersion">6.0</property>
</record>
<record>
  <date>2024-02-16T16:33:43</date>
  <millis>1708076023330</millis>
  <sequence>21</sequence>
  <level>FAILED</level>
  <class>com.kms.katalon.core.logging.XmlKeywordLogger</class>
  <method>logMessage</method>
  <thread>1</thread>
  <message>Unable to start app with application ID: &amp;apos;com.astro.shop&amp;apos; (Root cause: org.openqa.selenium.SessionNotCreatedException: Unable to create a new remote session. Please check the server log for more details. Original error: An unknown server-side error occurred while processing the command. Original error: Error executing adbExec. Original error: &amp;apos;Command &amp;apos;C:\\Users\\USER\\.katalon\\tools\\android_sdk\\platform-tools\\adb.exe -P 5037 -s Y9554SQWZD85YDOR forward tcp\:8227 tcp\:6790&amp;apos; exited with code 1&amp;apos;; Command output: adb.exe: error: device &amp;apos;Y9554SQWZD85YDOR&amp;apos; not found

Build info: version: &amp;apos;3.141.59&amp;apos;, revision: &amp;apos;e82be7d358&amp;apos;, time: &amp;apos;2018-11-14T08:25:53&amp;apos;
System info: host: &amp;apos;DESKTOP-VIB7852&amp;apos;, ip: &amp;apos;192.168.24.48&amp;apos;, os.name: &amp;apos;Windows 10&amp;apos;, os.arch: &amp;apos;amd64&amp;apos;, os.version: &amp;apos;10.0&amp;apos;, java.version: &amp;apos;1.8.0_362&amp;apos;
Driver info: driver.version: MobileDriverFactory$startMobileDriver
remote stacktrace: UnknownError: An unknown server-side error occurred while processing the command. Original error: Error executing adbExec. Original error: &amp;apos;Command &amp;apos;C:\\Users\\USER\\.katalon\\tools\\android_sdk\\platform-tools\\adb.exe -P 5037 -s Y9554SQWZD85YDOR forward tcp\:8227 tcp\:6790&amp;apos; exited with code 1&amp;apos;; Command output: adb.exe: error: device &amp;apos;Y9554SQWZD85YDOR&amp;apos; not found

    at getResponseForW3CError (C:\Users\USER\AppData\Roaming\npm\node_modules\appium\node_modules\appium-base-driver\lib\protocol\errors.js:804:9)
    at asyncHandler (C:\Users\USER\AppData\Roaming\npm\node_modules\appium\node_modules\appium-base-driver\lib\protocol\protocol.js:380:37)
Build info: version: &amp;apos;3.141.59&amp;apos;, revision: &amp;apos;e82be7d358&amp;apos;, time: &amp;apos;2018-11-14T08:25:53&amp;apos;
System info: host: &amp;apos;DESKTOP-VIB7852&amp;apos;, ip: &amp;apos;192.168.24.48&amp;apos;, os.name: &amp;apos;Windows 10&amp;apos;, os.arch: &amp;apos;amd64&amp;apos;, os.version: &amp;apos;10.0&amp;apos;, java.version: &amp;apos;1.8.0_362&amp;apos;
Driver info: driver.version: MobileDriverFactory$startMobileDriver
	at io.appium.java_client.remote.AppiumCommandExecutor$1.createSession(AppiumCommandExecutor.java:208)
	at io.appium.java_client.remote.AppiumCommandExecutor.createSession(AppiumCommandExecutor.java:217)
	at io.appium.java_client.remote.AppiumCommandExecutor.execute(AppiumCommandExecutor.java:239)
	at org.openqa.selenium.remote.RemoteWebDriver.execute(RemoteWebDriver.java:552)
	at io.appium.java_client.DefaultGenericMobileDriver.execute(DefaultGenericMobileDriver.java:42)
	at io.appium.java_client.AppiumDriver.execute(AppiumDriver.java:1)
	at io.appium.java_client.android.AndroidDriver.execute(AndroidDriver.java:1)
	at com.kms.katalon.core.appium.driver.SwipeableAndroidDriver.execute(SwipeableAndroidDriver.java:1)
	at org.openqa.selenium.remote.RemoteWebDriver.startSession(RemoteWebDriver.java:213)
	at org.openqa.selenium.remote.RemoteWebDriver.&amp;lt;init&amp;gt;(RemoteWebDriver.java:131)
	at io.appium.java_client.DefaultGenericMobileDriver.&amp;lt;init&amp;gt;(DefaultGenericMobileDriver.java:38)
	at io.appium.java_client.AppiumDriver.&amp;lt;init&amp;gt;(AppiumDriver.java:84)
	at io.appium.java_client.android.AndroidDriver.&amp;lt;init&amp;gt;(AndroidDriver.java:85)
	at com.kms.katalon.core.appium.driver.SwipeableAndroidDriver.&amp;lt;init&amp;gt;(SwipeableAndroidDriver.java:24)
	at com.kms.katalon.core.appium.driver.AppiumDriverManager.createMobileDriver(AppiumDriverManager.java:510)
	at com.kms.katalon.core.appium.driver.AppiumDriverManager.createMobileDriver(AppiumDriverManager.java:492)
	at com.kms.katalon.core.mobile.keyword.internal.MobileDriverFactory.startMobileDriver(MobileDriverFactory.java:446)
	at com.kms.katalon.core.mobile.keyword.internal.MobileDriverFactory$startMobileDriver.call(Unknown Source)
	at com.kms.katalon.core.mobile.keyword.builtin.StartExistingApplicationKeyword$_startApplication_closure1.doCall(StartExistingApplicationKeyword.groovy:49)
	at com.kms.katalon.core.mobile.keyword.builtin.StartExistingApplicationKeyword$_startApplication_closure1.doCall(StartExistingApplicationKeyword.groovy)
	at com.kms.katalon.core.mobile.keyword.internal.MobileKeywordMain.runKeyword(MobileKeywordMain.groovy:21)
	at com.kms.katalon.core.mobile.keyword.internal.MobileKeywordMain$runKeyword.call(Unknown Source)
	at com.kms.katalon.core.mobile.keyword.builtin.StartExistingApplicationKeyword.startApplication(StartExistingApplicationKeyword.groovy:52)
	at com.kms.katalon.core.mobile.keyword.builtin.StartExistingApplicationKeyword.execute(StartExistingApplicationKeyword.groovy:37)
	at com.kms.katalon.core.keyword.internal.KeywordExecutor.executeKeywordForPlatform(KeywordExecutor.groovy:74)
	at com.kms.katalon.core.mobile.keyword.MobileBuiltInKeywords.startExistingApplication(MobileBuiltInKeywords.groovy:92)
	at com.kms.katalon.core.mobile.keyword.MobileBuiltInKeywords$startExistingApplication.call(Unknown Source)
	at Quit apps from home page.run(Quit apps from home page:20)
	at com.kms.katalon.core.main.ScriptEngine.run(ScriptEngine.java:194)
	at com.kms.katalon.core.main.ScriptEngine.runScriptAsRawText(ScriptEngine.java:119)
	at com.kms.katalon.core.main.TestCaseExecutor.runScript(TestCaseExecutor.java:448)
	at com.kms.katalon.core.main.TestCaseExecutor.doExecute(TestCaseExecutor.java:439)
	at com.kms.katalon.core.main.TestCaseExecutor.processExecutionPhase(TestCaseExecutor.java:418)
	at com.kms.katalon.core.main.TestCaseExecutor.accessMainPhase(TestCaseExecutor.java:410)
	at com.kms.katalon.core.main.TestCaseExecutor.execute(TestCaseExecutor.java:285)
	at com.kms.katalon.core.common.CommonExecutor.accessTestCaseMainPhase(CommonExecutor.java:65)
	at com.kms.katalon.core.main.TestSuiteExecutor.accessTestSuiteMainPhase(TestSuiteExecutor.java:148)
	at com.kms.katalon.core.main.TestSuiteExecutor.execute(TestSuiteExecutor.java:106)
	at com.kms.katalon.core.main.TestCaseMain.startTestSuite(TestCaseMain.java:187)
	at com.kms.katalon.core.main.TestCaseMain$startTestSuite$0.call(Unknown Source)
	at TempTestSuite1708076003337.run(TempTestSuite1708076003337.groovy:36)
Caused by: java.lang.reflect.InvocationTargetException
	at io.appium.java_client.remote.AppiumCommandExecutor$1.createSession(AppiumCommandExecutor.java:186)
	at io.appium.java_client.remote.AppiumCommandExecutor.createSession(AppiumCommandExecutor.java:217)
	at io.appium.java_client.remote.AppiumCommandExecutor.execute(AppiumCommandExecutor.java:239)
	at org.openqa.selenium.remote.RemoteWebDriver.execute(RemoteWebDriver.java:552)
	at io.appium.java_client.DefaultGenericMobileDriver.execute(DefaultGenericMobileDriver.java:42)
	at io.appium.java_client.AppiumDriver.execute(AppiumDriver.java:1)
	at io.appium.java_client.android.AndroidDriver.execute(AndroidDriver.java:1)
	at com.kms.katalon.core.appium.driver.SwipeableAndroidDriver.execute(SwipeableAndroidDriver.java:1)
	at org.openqa.selenium.remote.RemoteWebDriver.startSession(RemoteWebDriver.java:213)
	at org.openqa.selenium.remote.RemoteWebDriver.&amp;lt;init&amp;gt;(RemoteWebDriver.java:131)
	at io.appium.java_client.DefaultGenericMobileDriver.&amp;lt;init&amp;gt;(DefaultGenericMobileDriver.java:38)
	at io.appium.java_client.AppiumDriver.&amp;lt;init&amp;gt;(AppiumDriver.java:84)
	at io.appium.java_client.android.AndroidDriver.&amp;lt;init&amp;gt;(AndroidDriver.java:85)
	at com.kms.katalon.core.appium.driver.SwipeableAndroidDriver.&amp;lt;init&amp;gt;(SwipeableAndroidDriver.java:24)
	at com.kms.katalon.core.appium.driver.AppiumDriverManager.createMobileDriver(AppiumDriverManager.java:510)
	at com.kms.katalon.core.appium.driver.AppiumDriverManager.createMobileDriver(AppiumDriverManager.java:492)
	at com.kms.katalon.core.mobile.keyword.internal.MobileDriverFactory.startMobileDriver(MobileDriverFactory.java:446)
	at com.kms.katalon.core.mobile.keyword.internal.MobileDriverFactory$startMobileDriver.call(Unknown Source)
	at com.kms.katalon.core.mobile.keyword.builtin.StartExistingApplicationKeyword$_startApplication_closure1.doCall(StartExistingApplicationKeyword.groovy:49)
	at com.kms.katalon.core.mobile.keyword.builtin.StartExistingApplicationKeyword$_startApplication_closure1.doCall(StartExistingApplicationKeyword.groovy)
	at com.kms.katalon.core.mobile.keyword.internal.MobileKeywordMain.runKeyword(MobileKeywordMain.groovy:21)
	at com.kms.katalon.core.mobile.keyword.internal.MobileKeywordMain$runKeyword.call(Unknown Source)
	at com.kms.katalon.core.mobile.keyword.builtin.StartExistingApplicationKeyword.startApplication(StartExistingApplicationKeyword.groovy:52)
	at com.kms.katalon.core.mobile.keyword.builtin.StartExistingApplicationKeyword.execute(StartExistingApplicationKeyword.groovy:37)
	at com.kms.katalon.core.keyword.internal.KeywordExecutor.executeKeywordForPlatform(KeywordExecutor.groovy:74)
	at com.kms.katalon.core.mobile.keyword.MobileBuiltInKeywords.startExistingApplication(MobileBuiltInKeywords.groovy:92)
	at com.kms.katalon.core.mobile.keyword.MobileBuiltInKeywords$startExistingApplication.call(Unknown Source)
	at Script1708075910349.run(Script1708075910349.groovy:20)
	... 13 more
Caused by: org.openqa.selenium.WebDriverException: An unknown server-side error occurred while processing the command. Original error: Error executing adbExec. Original error: &amp;apos;Command &amp;apos;C:\\Users\\USER\\.katalon\\tools\\android_sdk\\platform-tools\\adb.exe -P 5037 -s Y9554SQWZD85YDOR forward tcp\:8227 tcp\:6790&amp;apos; exited with code 1&amp;apos;; Command output: adb.exe: error: device &amp;apos;Y9554SQWZD85YDOR&amp;apos; not found

Build info: version: &amp;apos;3.141.59&amp;apos;, revision: &amp;apos;e82be7d358&amp;apos;, time: &amp;apos;2018-11-14T08:25:53&amp;apos;
System info: host: &amp;apos;DESKTOP-VIB7852&amp;apos;, ip: &amp;apos;192.168.24.48&amp;apos;, os.name: &amp;apos;Windows 10&amp;apos;, os.arch: &amp;apos;amd64&amp;apos;, os.version: &amp;apos;10.0&amp;apos;, java.version: &amp;apos;1.8.0_362&amp;apos;
Driver info: driver.version: MobileDriverFactory$startMobileDriver
remote stacktrace: UnknownError: An unknown server-side error occurred while processing the command. Original error: Error executing adbExec. Original error: &amp;apos;Command &amp;apos;C:\\Users\\USER\\.katalon\\tools\\android_sdk\\platform-tools\\adb.exe -P 5037 -s Y9554SQWZD85YDOR forward tcp\:8227 tcp\:6790&amp;apos; exited with code 1&amp;apos;; Command output: adb.exe: error: device &amp;apos;Y9554SQWZD85YDOR&amp;apos; not found

    at getResponseForW3CError (C:\Users\USER\AppData\Roaming\npm\node_modules\appium\node_modules\appium-base-driver\lib\protocol\errors.js:804:9)
    at asyncHandler (C:\Users\USER\AppData\Roaming\npm\node_modules\appium\node_modules\appium-base-driver\lib\protocol\protocol.js:380:37)
	at org.openqa.selenium.remote.W3CHandshakeResponse.lambda$errorHandler$0(W3CHandshakeResponse.java:62)
	at org.openqa.selenium.remote.HandshakeResponse.lambda$getResponseFunction$0(HandshakeResponse.java:30)
	at org.openqa.selenium.remote.ProtocolHandshake.lambda$createSession$0(ProtocolHandshake.java:126)
	at org.openqa.selenium.remote.ProtocolHandshake.createSession(ProtocolHandshake.java:128)
	... 41 more
)</message>
  <nestedLevel>1</nestedLevel>
  <escapedJava>false</escapedJava>
  <property name="failed.exception.class">org.openqa.selenium.WebDriverException</property>
  <property name="failed.exception.stacktrace">org.openqa.selenium.WebDriverException: An unknown server-side error occurred while processing the command. Original error: Error executing adbExec. Original error: &apos;Command &apos;C:\\Users\\USER\\.katalon\\tools\\android_sdk\\platform-tools\\adb.exe -P 5037 -s Y9554SQWZD85YDOR forward tcp\:8227 tcp\:6790&apos; exited with code 1&apos;; Command output: adb.exe: error: device &apos;Y9554SQWZD85YDOR&apos; not found

Build info: version: &apos;3.141.59&apos;, revision: &apos;e82be7d358&apos;, time: &apos;2018-11-14T08:25:53&apos;
System info: host: &apos;DESKTOP-VIB7852&apos;, ip: &apos;192.168.24.48&apos;, os.name: &apos;Windows 10&apos;, os.arch: &apos;amd64&apos;, os.version: &apos;10.0&apos;, java.version: &apos;1.8.0_362&apos;
Driver info: driver.version: MobileDriverFactory$startMobileDriver
remote stacktrace: UnknownError: An unknown server-side error occurred while processing the command. Original error: Error executing adbExec. Original error: &apos;Command &apos;C:\\Users\\USER\\.katalon\\tools\\android_sdk\\platform-tools\\adb.exe -P 5037 -s Y9554SQWZD85YDOR forward tcp\:8227 tcp\:6790&apos; exited with code 1&apos;; Command output: adb.exe: error: device &apos;Y9554SQWZD85YDOR&apos; not found

    at getResponseForW3CError (C:\Users\USER\AppData\Roaming\npm\node_modules\appium\node_modules\appium-base-driver\lib\protocol\errors.js:804:9)
    at asyncHandler (C:\Users\USER\AppData\Roaming\npm\node_modules\appium\node_modules\appium-base-driver\lib\protocol\protocol.js:380:37)
	at org.openqa.selenium.remote.W3CHandshakeResponse.lambda$errorHandler$0(W3CHandshakeResponse.java:62)
	at org.openqa.selenium.remote.HandshakeResponse.lambda$getResponseFunction$0(HandshakeResponse.java:30)
	at org.openqa.selenium.remote.ProtocolHandshake.lambda$createSession$0(ProtocolHandshake.java:126)
	at org.openqa.selenium.remote.ProtocolHandshake.createSession(ProtocolHandshake.java:128)
	at io.appium.java_client.remote.AppiumCommandExecutor$1.createSession(AppiumCommandExecutor.java:186)
	at io.appium.java_client.remote.AppiumCommandExecutor.createSession(AppiumCommandExecutor.java:217)
	at io.appium.java_client.remote.AppiumCommandExecutor.execute(AppiumCommandExecutor.java:239)
	at org.openqa.selenium.remote.RemoteWebDriver.execute(RemoteWebDriver.java:552)
	at io.appium.java_client.DefaultGenericMobileDriver.execute(DefaultGenericMobileDriver.java:42)
	at io.appium.java_client.AppiumDriver.execute(AppiumDriver.java:1)
	at io.appium.java_client.android.AndroidDriver.execute(AndroidDriver.java:1)
	at com.kms.katalon.core.appium.driver.SwipeableAndroidDriver.execute(SwipeableAndroidDriver.java:1)
	at org.openqa.selenium.remote.RemoteWebDriver.startSession(RemoteWebDriver.java:213)
	at org.openqa.selenium.remote.RemoteWebDriver.&lt;init&gt;(RemoteWebDriver.java:131)
	at io.appium.java_client.DefaultGenericMobileDriver.&lt;init&gt;(DefaultGenericMobileDriver.java:38)
	at io.appium.java_client.AppiumDriver.&lt;init&gt;(AppiumDriver.java:84)
	at io.appium.java_client.android.AndroidDriver.&lt;init&gt;(AndroidDriver.java:85)
	at com.kms.katalon.core.appium.driver.SwipeableAndroidDriver.&lt;init&gt;(SwipeableAndroidDriver.java:24)
	at com.kms.katalon.core.appium.driver.AppiumDriverManager.createMobileDriver(AppiumDriverManager.java:510)
	at com.kms.katalon.core.appium.driver.AppiumDriverManager.createMobileDriver(AppiumDriverManager.java:492)
	at com.kms.katalon.core.mobile.keyword.internal.MobileDriverFactory.startMobileDriver(MobileDriverFactory.java:446)
	at com.kms.katalon.core.mobile.keyword.internal.MobileDriverFactory$startMobileDriver.call(Unknown Source)
	at com.kms.katalon.core.mobile.keyword.builtin.StartExistingApplicationKeyword$_startApplication_closure1.doCall(StartExistingApplicationKeyword.groovy:49)
	at com.kms.katalon.core.mobile.keyword.builtin.StartExistingApplicationKeyword$_startApplication_closure1.doCall(StartExistingApplicationKeyword.groovy)
	at com.kms.katalon.core.mobile.keyword.internal.MobileKeywordMain.runKeyword(MobileKeywordMain.groovy:21)
	at com.kms.katalon.core.mobile.keyword.internal.MobileKeywordMain$runKeyword.call(Unknown Source)
	at com.kms.katalon.core.mobile.keyword.builtin.StartExistingApplicationKeyword.startApplication(StartExistingApplicationKeyword.groovy:52)
	at com.kms.katalon.core.mobile.keyword.builtin.StartExistingApplicationKeyword.execute(StartExistingApplicationKeyword.groovy:37)
	at com.kms.katalon.core.keyword.internal.KeywordExecutor.executeKeywordForPlatform(KeywordExecutor.groovy:74)
	at com.kms.katalon.core.mobile.keyword.MobileBuiltInKeywords.startExistingApplication(MobileBuiltInKeywords.groovy:92)
	at com.kms.katalon.core.mobile.keyword.MobileBuiltInKeywords$startExistingApplication.call(Unknown Source)
	at Quit apps from home page.run(Quit apps from home page:20)
	at com.kms.katalon.core.main.ScriptEngine.run(ScriptEngine.java:194)
	at com.kms.katalon.core.main.ScriptEngine.runScriptAsRawText(ScriptEngine.java:119)
	at com.kms.katalon.core.main.TestCaseExecutor.runScript(TestCaseExecutor.java:448)
	at com.kms.katalon.core.main.TestCaseExecutor.doExecute(TestCaseExecutor.java:439)
	at com.kms.katalon.core.main.TestCaseExecutor.processExecutionPhase(TestCaseExecutor.java:418)
	at com.kms.katalon.core.main.TestCaseExecutor.accessMainPhase(TestCaseExecutor.java:410)
	at com.kms.katalon.core.main.TestCaseExecutor.execute(TestCaseExecutor.java:285)
	at com.kms.katalon.core.common.CommonExecutor.accessTestCaseMainPhase(CommonExecutor.java:65)
	at com.kms.katalon.core.main.TestSuiteExecutor.accessTestSuiteMainPhase(TestSuiteExecutor.java:148)
	at com.kms.katalon.core.main.TestSuiteExecutor.execute(TestSuiteExecutor.java:106)
	at com.kms.katalon.core.main.TestCaseMain.startTestSuite(TestCaseMain.java:187)
	at com.kms.katalon.core.main.TestCaseMain$startTestSuite$0.call(Unknown Source)
	at TempTestSuite1708076003337.run(TempTestSuite1708076003337.groovy:36)
</property>
  <property name="failed.exception.message">An unknown server-side error occurred while processing the command. Original error: Error executing adbExec. Original error: &apos;Command &apos;C:\\Users\\USER\\.katalon\\tools\\android_sdk\\platform-tools\\adb.exe -P 5037 -s Y9554SQWZD85YDOR forward tcp\:8227 tcp\:6790&apos; exited with code 1&apos;; Command output: adb.exe: error: device &apos;Y9554SQWZD85YDOR&apos; not found

Build info: version: &apos;3.141.59&apos;, revision: &apos;e82be7d358&apos;, time: &apos;2018-11-14T08:25:53&apos;
System info: host: &apos;DESKTOP-VIB7852&apos;, ip: &apos;192.168.24.48&apos;, os.name: &apos;Windows 10&apos;, os.arch: &apos;amd64&apos;, os.version: &apos;10.0&apos;, java.version: &apos;1.8.0_362&apos;
Driver info: driver.version: MobileDriverFactory$startMobileDriver
remote stacktrace: UnknownError: An unknown server-side error occurred while processing the command. Original error: Error executing adbExec. Original error: &apos;Command &apos;C:\\Users\\USER\\.katalon\\tools\\android_sdk\\platform-tools\\adb.exe -P 5037 -s Y9554SQWZD85YDOR forward tcp\:8227 tcp\:6790&apos; exited with code 1&apos;; Command output: adb.exe: error: device &apos;Y9554SQWZD85YDOR&apos; not found

    at getResponseForW3CError (C:\Users\USER\AppData\Roaming\npm\node_modules\appium\node_modules\appium-base-driver\lib\protocol\errors.js:804:9)
    at asyncHandler (C:\Users\USER\AppData\Roaming\npm\node_modules\appium\node_modules\appium-base-driver\lib\protocol\protocol.js:380:37)</property>
</record>
<record>
  <date>2024-02-16T16:33:43</date>
  <millis>1708076023340</millis>
  <sequence>26</sequence>
  <level>END</level>
  <class>com.kms.katalon.core.logging.XmlKeywordLogger</class>
  <method>endKeyword</method>
  <thread>1</thread>
  <message>End action : startExistingApplication(&amp;quot;com.astro.shop&amp;quot;)</message>
  <nestedLevel>1</nestedLevel>
  <escapedJava>false</escapedJava>
</record>
<record>
  <date>2024-02-16T16:33:43</date>
  <millis>1708076023343</millis>
  <sequence>31</sequence>
  <level>FAILED</level>
  <class>com.kms.katalon.core.logging.XmlKeywordLogger</class>
  <method>logMessage</method>
  <thread>1</thread>
  <message>Test Cases/Quit apps from home page FAILED.
Reason:
com.kms.katalon.core.exception.StepFailedException: Unable to start app with application ID: &amp;apos;com.astro.shop&amp;apos; (Root cause: org.openqa.selenium.SessionNotCreatedException: Unable to create a new remote session. Please check the server log for more details. Original error: An unknown server-side error occurred while processing the command. Original error: Error executing adbExec. Original error: &amp;apos;Command &amp;apos;C:\\Users\\USER\\.katalon\\tools\\android_sdk\\platform-tools\\adb.exe -P 5037 -s Y9554SQWZD85YDOR forward tcp\:8227 tcp\:6790&amp;apos; exited with code 1&amp;apos;; Command output: adb.exe: error: device &amp;apos;Y9554SQWZD85YDOR&amp;apos; not found

Build info: version: &amp;apos;3.141.59&amp;apos;, revision: &amp;apos;e82be7d358&amp;apos;, time: &amp;apos;2018-11-14T08:25:53&amp;apos;
System info: host: &amp;apos;DESKTOP-VIB7852&amp;apos;, ip: &amp;apos;192.168.24.48&amp;apos;, os.name: &amp;apos;Windows 10&amp;apos;, os.arch: &amp;apos;amd64&amp;apos;, os.version: &amp;apos;10.0&amp;apos;, java.version: &amp;apos;1.8.0_362&amp;apos;
Driver info: driver.version: MobileDriverFactory$startMobileDriver
remote stacktrace: UnknownError: An unknown server-side error occurred while processing the command. Original error: Error executing adbExec. Original error: &amp;apos;Command &amp;apos;C:\\Users\\USER\\.katalon\\tools\\android_sdk\\platform-tools\\adb.exe -P 5037 -s Y9554SQWZD85YDOR forward tcp\:8227 tcp\:6790&amp;apos; exited with code 1&amp;apos;; Command output: adb.exe: error: device &amp;apos;Y9554SQWZD85YDOR&amp;apos; not found

    at getResponseForW3CError (C:\Users\USER\AppData\Roaming\npm\node_modules\appium\node_modules\appium-base-driver\lib\protocol\errors.js:804:9)
    at asyncHandler (C:\Users\USER\AppData\Roaming\npm\node_modules\appium\node_modules\appium-base-driver\lib\protocol\protocol.js:380:37)
Build info: version: &amp;apos;3.141.59&amp;apos;, revision: &amp;apos;e82be7d358&amp;apos;, time: &amp;apos;2018-11-14T08:25:53&amp;apos;
System info: host: &amp;apos;DESKTOP-VIB7852&amp;apos;, ip: &amp;apos;192.168.24.48&amp;apos;, os.name: &amp;apos;Windows 10&amp;apos;, os.arch: &amp;apos;amd64&amp;apos;, os.version: &amp;apos;10.0&amp;apos;, java.version: &amp;apos;1.8.0_362&amp;apos;
Driver info: driver.version: MobileDriverFactory$startMobileDriver
	at io.appium.java_client.remote.AppiumCommandExecutor$1.createSession(AppiumCommandExecutor.java:208)
	at io.appium.java_client.remote.AppiumCommandExecutor.createSession(AppiumCommandExecutor.java:217)
	at io.appium.java_client.remote.AppiumCommandExecutor.execute(AppiumCommandExecutor.java:239)
	at org.openqa.selenium.remote.RemoteWebDriver.execute(RemoteWebDriver.java:552)
	at io.appium.java_client.DefaultGenericMobileDriver.execute(DefaultGenericMobileDriver.java:42)
	at io.appium.java_client.AppiumDriver.execute(AppiumDriver.java:1)
	at io.appium.java_client.android.AndroidDriver.execute(AndroidDriver.java:1)
	at com.kms.katalon.core.appium.driver.SwipeableAndroidDriver.execute(SwipeableAndroidDriver.java:1)
	at org.openqa.selenium.remote.RemoteWebDriver.startSession(RemoteWebDriver.java:213)
	at org.openqa.selenium.remote.RemoteWebDriver.&amp;lt;init&amp;gt;(RemoteWebDriver.java:131)
	at io.appium.java_client.DefaultGenericMobileDriver.&amp;lt;init&amp;gt;(DefaultGenericMobileDriver.java:38)
	at io.appium.java_client.AppiumDriver.&amp;lt;init&amp;gt;(AppiumDriver.java:84)
	at io.appium.java_client.android.AndroidDriver.&amp;lt;init&amp;gt;(AndroidDriver.java:85)
	at com.kms.katalon.core.appium.driver.SwipeableAndroidDriver.&amp;lt;init&amp;gt;(SwipeableAndroidDriver.java:24)
	at com.kms.katalon.core.appium.driver.AppiumDriverManager.createMobileDriver(AppiumDriverManager.java:510)
	at com.kms.katalon.core.appium.driver.AppiumDriverManager.createMobileDriver(AppiumDriverManager.java:492)
	at com.kms.katalon.core.mobile.keyword.internal.MobileDriverFactory.startMobileDriver(MobileDriverFactory.java:446)
	at com.kms.katalon.core.mobile.keyword.internal.MobileDriverFactory$startMobileDriver.call(Unknown Source)
	at com.kms.katalon.core.mobile.keyword.builtin.StartExistingApplicationKeyword$_startApplication_closure1.doCall(StartExistingApplicationKeyword.groovy:49)
	at com.kms.katalon.core.mobile.keyword.builtin.StartExistingApplicationKeyword$_startApplication_closure1.doCall(StartExistingApplicationKeyword.groovy)
	at com.kms.katalon.core.mobile.keyword.internal.MobileKeywordMain.runKeyword(MobileKeywordMain.groovy:21)
	at com.kms.katalon.core.mobile.keyword.internal.MobileKeywordMain$runKeyword.call(Unknown Source)
	at com.kms.katalon.core.mobile.keyword.builtin.StartExistingApplicationKeyword.startApplication(StartExistingApplicationKeyword.groovy:52)
	at com.kms.katalon.core.mobile.keyword.builtin.StartExistingApplicationKeyword.execute(StartExistingApplicationKeyword.groovy:37)
	at com.kms.katalon.core.keyword.internal.KeywordExecutor.executeKeywordForPlatform(KeywordExecutor.groovy:74)
	at com.kms.katalon.core.mobile.keyword.MobileBuiltInKeywords.startExistingApplication(MobileBuiltInKeywords.groovy:92)
	at com.kms.katalon.core.mobile.keyword.MobileBuiltInKeywords$startExistingApplication.call(Unknown Source)
	at Quit apps from home page.run(Quit apps from home page:20)
	at com.kms.katalon.core.main.ScriptEngine.run(ScriptEngine.java:194)
	at com.kms.katalon.core.main.ScriptEngine.runScriptAsRawText(ScriptEngine.java:119)
	at com.kms.katalon.core.main.TestCaseExecutor.runScript(TestCaseExecutor.java:448)
	at com.kms.katalon.core.main.TestCaseExecutor.doExecute(TestCaseExecutor.java:439)
	at com.kms.katalon.core.main.TestCaseExecutor.processExecutionPhase(TestCaseExecutor.java:418)
	at com.kms.katalon.core.main.TestCaseExecutor.accessMainPhase(TestCaseExecutor.java:410)
	at com.kms.katalon.core.main.TestCaseExecutor.execute(TestCaseExecutor.java:285)
	at com.kms.katalon.core.common.CommonExecutor.accessTestCaseMainPhase(CommonExecutor.java:65)
	at com.kms.katalon.core.main.TestSuiteExecutor.accessTestSuiteMainPhase(TestSuiteExecutor.java:148)
	at com.kms.katalon.core.main.TestSuiteExecutor.execute(TestSuiteExecutor.java:106)
	at com.kms.katalon.core.main.TestCaseMain.startTestSuite(TestCaseMain.java:187)
	at com.kms.katalon.core.main.TestCaseMain$startTestSuite$0.call(Unknown Source)
	at TempTestSuite1708076003337.run(TempTestSuite1708076003337.groovy:36)
Caused by: java.lang.reflect.InvocationTargetException
	at io.appium.java_client.remote.AppiumCommandExecutor$1.createSession(AppiumCommandExecutor.java:186)
	at io.appium.java_client.remote.AppiumCommandExecutor.createSession(AppiumCommandExecutor.java:217)
	at io.appium.java_client.remote.AppiumCommandExecutor.execute(AppiumCommandExecutor.java:239)
	at org.openqa.selenium.remote.RemoteWebDriver.execute(RemoteWebDriver.java:552)
	at io.appium.java_client.DefaultGenericMobileDriver.execute(DefaultGenericMobileDriver.java:42)
	at io.appium.java_client.AppiumDriver.execute(AppiumDriver.java:1)
	at io.appium.java_client.android.AndroidDriver.execute(AndroidDriver.java:1)
	at com.kms.katalon.core.appium.driver.SwipeableAndroidDriver.execute(SwipeableAndroidDriver.java:1)
	at org.openqa.selenium.remote.RemoteWebDriver.startSession(RemoteWebDriver.java:213)
	at org.openqa.selenium.remote.RemoteWebDriver.&amp;lt;init&amp;gt;(RemoteWebDriver.java:131)
	at io.appium.java_client.DefaultGenericMobileDriver.&amp;lt;init&amp;gt;(DefaultGenericMobileDriver.java:38)
	at io.appium.java_client.AppiumDriver.&amp;lt;init&amp;gt;(AppiumDriver.java:84)
	at io.appium.java_client.android.AndroidDriver.&amp;lt;init&amp;gt;(AndroidDriver.java:85)
	at com.kms.katalon.core.appium.driver.SwipeableAndroidDriver.&amp;lt;init&amp;gt;(SwipeableAndroidDriver.java:24)
	at com.kms.katalon.core.appium.driver.AppiumDriverManager.createMobileDriver(AppiumDriverManager.java:510)
	at com.kms.katalon.core.appium.driver.AppiumDriverManager.createMobileDriver(AppiumDriverManager.java:492)
	at com.kms.katalon.core.mobile.keyword.internal.MobileDriverFactory.startMobileDriver(MobileDriverFactory.java:446)
	at com.kms.katalon.core.mobile.keyword.internal.MobileDriverFactory$startMobileDriver.call(Unknown Source)
	at com.kms.katalon.core.mobile.keyword.builtin.StartExistingApplicationKeyword$_startApplication_closure1.doCall(StartExistingApplicationKeyword.groovy:49)
	at com.kms.katalon.core.mobile.keyword.builtin.StartExistingApplicationKeyword$_startApplication_closure1.doCall(StartExistingApplicationKeyword.groovy)
	at com.kms.katalon.core.mobile.keyword.internal.MobileKeywordMain.runKeyword(MobileKeywordMain.groovy:21)
	at com.kms.katalon.core.mobile.keyword.internal.MobileKeywordMain$runKeyword.call(Unknown Source)
	at com.kms.katalon.core.mobile.keyword.builtin.StartExistingApplicationKeyword.startApplication(StartExistingApplicationKeyword.groovy:52)
	at com.kms.katalon.core.mobile.keyword.builtin.StartExistingApplicationKeyword.execute(StartExistingApplicationKeyword.groovy:37)
	at com.kms.katalon.core.keyword.internal.KeywordExecutor.executeKeywordForPlatform(KeywordExecutor.groovy:74)
	at com.kms.katalon.core.mobile.keyword.MobileBuiltInKeywords.startExistingApplication(MobileBuiltInKeywords.groovy:92)
	at com.kms.katalon.core.mobile.keyword.MobileBuiltInKeywords$startExistingApplication.call(Unknown Source)
	at Script1708075910349.run(Script1708075910349.groovy:20)
	... 13 more
Caused by: org.openqa.selenium.WebDriverException: An unknown server-side error occurred while processing the command. Original error: Error executing adbExec. Original error: &amp;apos;Command &amp;apos;C:\\Users\\USER\\.katalon\\tools\\android_sdk\\platform-tools\\adb.exe -P 5037 -s Y9554SQWZD85YDOR forward tcp\:8227 tcp\:6790&amp;apos; exited with code 1&amp;apos;; Command output: adb.exe: error: device &amp;apos;Y9554SQWZD85YDOR&amp;apos; not found

Build info: version: &amp;apos;3.141.59&amp;apos;, revision: &amp;apos;e82be7d358&amp;apos;, time: &amp;apos;2018-11-14T08:25:53&amp;apos;
System info: host: &amp;apos;DESKTOP-VIB7852&amp;apos;, ip: &amp;apos;192.168.24.48&amp;apos;, os.name: &amp;apos;Windows 10&amp;apos;, os.arch: &amp;apos;amd64&amp;apos;, os.version: &amp;apos;10.0&amp;apos;, java.version: &amp;apos;1.8.0_362&amp;apos;
Driver info: driver.version: MobileDriverFactory$startMobileDriver
remote stacktrace: UnknownError: An unknown server-side error occurred while processing the command. Original error: Error executing adbExec. Original error: &amp;apos;Command &amp;apos;C:\\Users\\USER\\.katalon\\tools\\android_sdk\\platform-tools\\adb.exe -P 5037 -s Y9554SQWZD85YDOR forward tcp\:8227 tcp\:6790&amp;apos; exited with code 1&amp;apos;; Command output: adb.exe: error: device &amp;apos;Y9554SQWZD85YDOR&amp;apos; not found

    at getResponseForW3CError (C:\Users\USER\AppData\Roaming\npm\node_modules\appium\node_modules\appium-base-driver\lib\protocol\errors.js:804:9)
    at asyncHandler (C:\Users\USER\AppData\Roaming\npm\node_modules\appium\node_modules\appium-base-driver\lib\protocol\protocol.js:380:37)
	at org.openqa.selenium.remote.W3CHandshakeResponse.lambda$errorHandler$0(W3CHandshakeResponse.java:62)
	at org.openqa.selenium.remote.HandshakeResponse.lambda$getResponseFunction$0(HandshakeResponse.java:30)
	at org.openqa.selenium.remote.ProtocolHandshake.lambda$createSession$0(ProtocolHandshake.java:126)
	at org.openqa.selenium.remote.ProtocolHandshake.createSession(ProtocolHandshake.java:128)
	... 41 more
)
	at com.kms.katalon.core.keyword.internal.KeywordMain.stepFailed(KeywordMain.groovy:51)
	at com.kms.katalon.core.mobile.keyword.internal.MobileKeywordMain.stepFailed(MobileKeywordMain.groovy:40)
	at com.kms.katalon.core.mobile.keyword.internal.MobileKeywordMain.runKeyword(MobileKeywordMain.groovy:23)
	at com.kms.katalon.core.mobile.keyword.internal.MobileKeywordMain$runKeyword.call(Unknown Source)
	at com.kms.katalon.core.mobile.keyword.builtin.StartExistingApplicationKeyword.startApplication(StartExistingApplicationKeyword.groovy:52)
	at com.kms.katalon.core.mobile.keyword.builtin.StartExistingApplicationKeyword.execute(StartExistingApplicationKeyword.groovy:37)
	at com.kms.katalon.core.keyword.internal.KeywordExecutor.executeKeywordForPlatform(KeywordExecutor.groovy:74)
	at com.kms.katalon.core.mobile.keyword.MobileBuiltInKeywords.startExistingApplication(MobileBuiltInKeywords.groovy:92)
	at com.kms.katalon.core.mobile.keyword.MobileBuiltInKeywords$startExistingApplication.call(Unknown Source)
	at Quit apps from home page.run(Quit apps from home page:20)
	at com.kms.katalon.core.main.ScriptEngine.run(ScriptEngine.java:194)
	at com.kms.katalon.core.main.ScriptEngine.runScriptAsRawText(ScriptEngine.java:119)
	at com.kms.katalon.core.main.TestCaseExecutor.runScript(TestCaseExecutor.java:448)
	at com.kms.katalon.core.main.TestCaseExecutor.doExecute(TestCaseExecutor.java:439)
	at com.kms.katalon.core.main.TestCaseExecutor.processExecutionPhase(TestCaseExecutor.java:418)
	at com.kms.katalon.core.main.TestCaseExecutor.accessMainPhase(TestCaseExecutor.java:410)
	at com.kms.katalon.core.main.TestCaseExecutor.execute(TestCaseExecutor.java:285)
	at com.kms.katalon.core.common.CommonExecutor.accessTestCaseMainPhase(CommonExecutor.java:65)
	at com.kms.katalon.core.main.TestSuiteExecutor.accessTestSuiteMainPhase(TestSuiteExecutor.java:148)
	at com.kms.katalon.core.main.TestSuiteExecutor.execute(TestSuiteExecutor.java:106)
	at com.kms.katalon.core.main.TestCaseMain.startTestSuite(TestCaseMain.java:187)
	at com.kms.katalon.core.main.TestCaseMain$startTestSuite$0.call(Unknown Source)
	at TempTestSuite1708076003337.run(TempTestSuite1708076003337.groovy:36)
Caused by: org.openqa.selenium.SessionNotCreatedException: Unable to create a new remote session. Please check the server log for more details. Original error: An unknown server-side error occurred while processing the command. Original error: Error executing adbExec. Original error: &amp;apos;Command &amp;apos;C:\\Users\\USER\\.katalon\\tools\\android_sdk\\platform-tools\\adb.exe -P 5037 -s Y9554SQWZD85YDOR forward tcp\:8227 tcp\:6790&amp;apos; exited with code 1&amp;apos;; Command output: adb.exe: error: device &amp;apos;Y9554SQWZD85YDOR&amp;apos; not found

Build info: version: &amp;apos;3.141.59&amp;apos;, revision: &amp;apos;e82be7d358&amp;apos;, time: &amp;apos;2018-11-14T08:25:53&amp;apos;
System info: host: &amp;apos;DESKTOP-VIB7852&amp;apos;, ip: &amp;apos;192.168.24.48&amp;apos;, os.name: &amp;apos;Windows 10&amp;apos;, os.arch: &amp;apos;amd64&amp;apos;, os.version: &amp;apos;10.0&amp;apos;, java.version: &amp;apos;1.8.0_362&amp;apos;
Driver info: driver.version: MobileDriverFactory$startMobileDriver
remote stacktrace: UnknownError: An unknown server-side error occurred while processing the command. Original error: Error executing adbExec. Original error: &amp;apos;Command &amp;apos;C:\\Users\\USER\\.katalon\\tools\\android_sdk\\platform-tools\\adb.exe -P 5037 -s Y9554SQWZD85YDOR forward tcp\:8227 tcp\:6790&amp;apos; exited with code 1&amp;apos;; Command output: adb.exe: error: device &amp;apos;Y9554SQWZD85YDOR&amp;apos; not found

    at getResponseForW3CError (C:\Users\USER\AppData\Roaming\npm\node_modules\appium\node_modules\appium-base-driver\lib\protocol\errors.js:804:9)
    at asyncHandler (C:\Users\USER\AppData\Roaming\npm\node_modules\appium\node_modules\appium-base-driver\lib\protocol\protocol.js:380:37)
Build info: version: &amp;apos;3.141.59&amp;apos;, revision: &amp;apos;e82be7d358&amp;apos;, time: &amp;apos;2018-11-14T08:25:53&amp;apos;
System info: host: &amp;apos;DESKTOP-VIB7852&amp;apos;, ip: &amp;apos;192.168.24.48&amp;apos;, os.name: &amp;apos;Windows 10&amp;apos;, os.arch: &amp;apos;amd64&amp;apos;, os.version: &amp;apos;10.0&amp;apos;, java.version: &amp;apos;1.8.0_362&amp;apos;
Driver info: driver.version: MobileDriverFactory$startMobileDriver
	at io.appium.java_client.remote.AppiumCommandExecutor$1.createSession(AppiumCommandExecutor.java:208)
	at io.appium.java_client.remote.AppiumCommandExecutor.createSession(AppiumCommandExecutor.java:217)
	at io.appium.java_client.remote.AppiumCommandExecutor.execute(AppiumCommandExecutor.java:239)
	at org.openqa.selenium.remote.RemoteWebDriver.execute(RemoteWebDriver.java:552)
	at io.appium.java_client.DefaultGenericMobileDriver.execute(DefaultGenericMobileDriver.java:42)
	at io.appium.java_client.AppiumDriver.execute(AppiumDriver.java:1)
	at io.appium.java_client.android.AndroidDriver.execute(AndroidDriver.java:1)
	at com.kms.katalon.core.appium.driver.SwipeableAndroidDriver.execute(SwipeableAndroidDriver.java:1)
	at org.openqa.selenium.remote.RemoteWebDriver.startSession(RemoteWebDriver.java:213)
	at org.openqa.selenium.remote.RemoteWebDriver.&amp;lt;init&amp;gt;(RemoteWebDriver.java:131)
	at io.appium.java_client.DefaultGenericMobileDriver.&amp;lt;init&amp;gt;(DefaultGenericMobileDriver.java:38)
	at io.appium.java_client.AppiumDriver.&amp;lt;init&amp;gt;(AppiumDriver.java:84)
	at io.appium.java_client.android.AndroidDriver.&amp;lt;init&amp;gt;(AndroidDriver.java:85)
	at com.kms.katalon.core.appium.driver.SwipeableAndroidDriver.&amp;lt;init&amp;gt;(SwipeableAndroidDriver.java:24)
	at com.kms.katalon.core.appium.driver.AppiumDriverManager.createMobileDriver(AppiumDriverManager.java:510)
	at com.kms.katalon.core.appium.driver.AppiumDriverManager.createMobileDriver(AppiumDriverManager.java:492)
	at com.kms.katalon.core.mobile.keyword.internal.MobileDriverFactory.startMobileDriver(MobileDriverFactory.java:446)
	at com.kms.katalon.core.mobile.keyword.internal.MobileDriverFactory$startMobileDriver.call(Unknown Source)
	at com.kms.katalon.core.mobile.keyword.builtin.StartExistingApplicationKeyword$_startApplication_closure1.doCall(StartExistingApplicationKeyword.groovy:49)
	at com.kms.katalon.core.mobile.keyword.builtin.StartExistingApplicationKeyword$_startApplication_closure1.doCall(StartExistingApplicationKeyword.groovy)
	at com.kms.katalon.core.mobile.keyword.internal.MobileKeywordMain.runKeyword(MobileKeywordMain.groovy:21)
	... 20 more
Caused by: java.lang.reflect.InvocationTargetException
	at io.appium.java_client.remote.AppiumCommandExecutor$1.createSession(AppiumCommandExecutor.java:186)
	at io.appium.java_client.remote.AppiumCommandExecutor.createSession(AppiumCommandExecutor.java:217)
	at io.appium.java_client.remote.AppiumCommandExecutor.execute(AppiumCommandExecutor.java:239)
	at org.openqa.selenium.remote.RemoteWebDriver.execute(RemoteWebDriver.java:552)
	at io.appium.java_client.DefaultGenericMobileDriver.execute(DefaultGenericMobileDriver.java:42)
	at io.appium.java_client.AppiumDriver.execute(AppiumDriver.java:1)
	at io.appium.java_client.android.AndroidDriver.execute(AndroidDriver.java:1)
	at com.kms.katalon.core.appium.driver.SwipeableAndroidDriver.execute(SwipeableAndroidDriver.java:1)
	at org.openqa.selenium.remote.RemoteWebDriver.startSession(RemoteWebDriver.java:213)
	at org.openqa.selenium.remote.RemoteWebDriver.&amp;lt;init&amp;gt;(RemoteWebDriver.java:131)
	at io.appium.java_client.DefaultGenericMobileDriver.&amp;lt;init&amp;gt;(DefaultGenericMobileDriver.java:38)
	at io.appium.java_client.AppiumDriver.&amp;lt;init&amp;gt;(AppiumDriver.java:84)
	at io.appium.java_client.android.AndroidDriver.&amp;lt;init&amp;gt;(AndroidDriver.java:85)
	at com.kms.katalon.core.appium.driver.SwipeableAndroidDriver.&amp;lt;init&amp;gt;(SwipeableAndroidDriver.java:24)
	at com.kms.katalon.core.appium.driver.AppiumDriverManager.createMobileDriver(AppiumDriverManager.java:510)
	at com.kms.katalon.core.appium.driver.AppiumDriverManager.createMobileDriver(AppiumDriverManager.java:492)
	at com.kms.katalon.core.mobile.keyword.internal.MobileDriverFactory.startMobileDriver(MobileDriverFactory.java:446)
	at com.kms.katalon.core.mobile.keyword.internal.MobileDriverFactory$startMobileDriver.call(Unknown Source)
	at com.kms.katalon.core.mobile.keyword.builtin.StartExistingApplicationKeyword$_startApplication_closure1.doCall(StartExistingApplicationKeyword.groovy:49)
	at com.kms.katalon.core.mobile.keyword.builtin.StartExistingApplicationKeyword$_startApplication_closure1.doCall(StartExistingApplicationKeyword.groovy)
	at com.kms.katalon.core.mobile.keyword.internal.MobileKeywordMain.runKeyword(MobileKeywordMain.groovy:21)
	at com.kms.katalon.core.mobile.keyword.internal.MobileKeywordMain$runKeyword.call(Unknown Source)
	at com.kms.katalon.core.mobile.keyword.builtin.StartExistingApplicationKeyword.startApplication(StartExistingApplicationKeyword.groovy:52)
	at com.kms.katalon.core.mobile.keyword.builtin.StartExistingApplicationKeyword.execute(StartExistingApplicationKeyword.groovy:37)
	at com.kms.katalon.core.keyword.internal.KeywordExecutor.executeKeywordForPlatform(KeywordExecutor.groovy:74)
	at com.kms.katalon.core.mobile.keyword.MobileBuiltInKeywords.startExistingApplication(MobileBuiltInKeywords.groovy:92)
	at com.kms.katalon.core.mobile.keyword.MobileBuiltInKeywords$startExistingApplication.call(Unknown Source)
	at Script1708075910349.run(Script1708075910349.groovy:20)
	... 13 more
Caused by: org.openqa.selenium.WebDriverException: An unknown server-side error occurred while processing the command. Original error: Error executing adbExec. Original error: &amp;apos;Command &amp;apos;C:\\Users\\USER\\.katalon\\tools\\android_sdk\\platform-tools\\adb.exe -P 5037 -s Y9554SQWZD85YDOR forward tcp\:8227 tcp\:6790&amp;apos; exited with code 1&amp;apos;; Command output: adb.exe: error: device &amp;apos;Y9554SQWZD85YDOR&amp;apos; not found

Build info: version: &amp;apos;3.141.59&amp;apos;, revision: &amp;apos;e82be7d358&amp;apos;, time: &amp;apos;2018-11-14T08:25:53&amp;apos;
System info: host: &amp;apos;DESKTOP-VIB7852&amp;apos;, ip: &amp;apos;192.168.24.48&amp;apos;, os.name: &amp;apos;Windows 10&amp;apos;, os.arch: &amp;apos;amd64&amp;apos;, os.version: &amp;apos;10.0&amp;apos;, java.version: &amp;apos;1.8.0_362&amp;apos;
Driver info: driver.version: MobileDriverFactory$startMobileDriver
remote stacktrace: UnknownError: An unknown server-side error occurred while processing the command. Original error: Error executing adbExec. Original error: &amp;apos;Command &amp;apos;C:\\Users\\USER\\.katalon\\tools\\android_sdk\\platform-tools\\adb.exe -P 5037 -s Y9554SQWZD85YDOR forward tcp\:8227 tcp\:6790&amp;apos; exited with code 1&amp;apos;; Command output: adb.exe: error: device &amp;apos;Y9554SQWZD85YDOR&amp;apos; not found

    at getResponseForW3CError (C:\Users\USER\AppData\Roaming\npm\node_modules\appium\node_modules\appium-base-driver\lib\protocol\errors.js:804:9)
    at asyncHandler (C:\Users\USER\AppData\Roaming\npm\node_modules\appium\node_modules\appium-base-driver\lib\protocol\protocol.js:380:37)
	at org.openqa.selenium.remote.W3CHandshakeResponse.lambda$errorHandler$0(W3CHandshakeResponse.java:62)
	at org.openqa.selenium.remote.HandshakeResponse.lambda$getResponseFunction$0(HandshakeResponse.java:30)
	at org.openqa.selenium.remote.ProtocolHandshake.lambda$createSession$0(ProtocolHandshake.java:126)
	at org.openqa.selenium.remote.ProtocolHandshake.createSession(ProtocolHandshake.java:128)
	at io.appium.java_client.remote.AppiumCommandExecutor$1.createSession(AppiumCommandExecutor.java:186)
	at io.appium.java_client.remote.AppiumCommandExecutor.createSession(AppiumCommandExecutor.java:217)
	at io.appium.java_client.remote.AppiumCommandExecutor.execute(AppiumCommandExecutor.java:239)
	at org.openqa.selenium.remote.RemoteWebDriver.execute(RemoteWebDriver.java:552)
	at io.appium.java_client.DefaultGenericMobileDriver.execute(DefaultGenericMobileDriver.java:42)
	at io.appium.java_client.AppiumDriver.execute(AppiumDriver.java:1)
	at io.appium.java_client.android.AndroidDriver.execute(AndroidDriver.java:1)
	at com.kms.katalon.core.appium.driver.SwipeableAndroidDriver.execute(SwipeableAndroidDriver.java:1)
	at org.openqa.selenium.remote.RemoteWebDriver.startSession(RemoteWebDriver.java:213)
	at org.openqa.selenium.remote.RemoteWebDriver.&amp;lt;init&amp;gt;(RemoteWebDriver.java:131)
	at io.appium.java_client.DefaultGenericMobileDriver.&amp;lt;init&amp;gt;(DefaultGenericMobileDriver.java:38)
	at io.appium.java_client.AppiumDriver.&amp;lt;init&amp;gt;(AppiumDriver.java:84)
	at io.appium.java_client.android.AndroidDriver.&amp;lt;init&amp;gt;(AndroidDriver.java:85)
	at com.kms.katalon.core.appium.driver.SwipeableAndroidDriver.&amp;lt;init&amp;gt;(SwipeableAndroidDriver.java:24)
	at com.kms.katalon.core.appium.driver.AppiumDriverManager.createMobileDriver(AppiumDriverManager.java:510)
	at com.kms.katalon.core.appium.driver.AppiumDriverManager.createMobileDriver(AppiumDriverManager.java:492)
	at com.kms.katalon.core.mobile.keyword.internal.MobileDriverFactory.startMobileDriver(MobileDriverFactory.java:446)
	at com.kms.katalon.core.mobile.keyword.internal.MobileDriverFactory$startMobileDriver.call(Unknown Source)
	at com.kms.katalon.core.mobile.keyword.builtin.StartExistingApplicationKeyword$_startApplication_closure1.doCall(StartExistingApplicationKeyword.groovy:49)
	at com.kms.katalon.core.mobile.keyword.builtin.StartExistingApplicationKeyword$_startApplication_closure1.doCall(StartExistingApplicationKeyword.groovy)
	at com.kms.katalon.core.mobile.keyword.internal.MobileKeywordMain.runKeyword(MobileKeywordMain.groovy:21)
	at com.kms.katalon.core.mobile.keyword.internal.MobileKeywordMain$runKeyword.call(Unknown Source)
	at com.kms.katalon.core.mobile.keyword.builtin.StartExistingApplicationKeyword.startApplication(StartExistingApplicationKeyword.groovy:52)
	at com.kms.katalon.core.mobile.keyword.builtin.StartExistingApplicationKeyword.execute(StartExistingApplicationKeyword.groovy:37)
	at com.kms.katalon.core.keyword.internal.KeywordExecutor.executeKeywordForPlatform(KeywordExecutor.groovy:74)
	at com.kms.katalon.core.mobile.keyword.MobileBuiltInKeywords.startExistingApplication(MobileBuiltInKeywords.groovy:92)
	at com.kms.katalon.core.mobile.keyword.MobileBuiltInKeywords$startExistingApplication.call(Unknown Source)
	at Quit apps from home page.run(Quit apps from home page:20)
	... 13 more
</message>
  <exception>
    <message>com.kms.katalon.core.exception.StepFailedException: Unable to start app with application ID: 'com.astro.shop' (Root cause: org.openqa.selenium.SessionNotCreatedException: Unable to create a new remote session. Please check the server log for more details. Original error: An unknown server-side error occurred while processing the command. Original error: Error executing adbExec. Original error: 'Command 'C:\\Users\\USER\\.katalon\\tools\\android_sdk\\platform-tools\\adb.exe -P 5037 -s Y9554SQWZD85YDOR forward tcp\:8227 tcp\:6790' exited with code 1'; Command output: adb.exe: error: device 'Y9554SQWZD85YDOR' not found

Build info: version: '3.141.59', revision: 'e82be7d358', time: '2018-11-14T08:25:53'
System info: host: 'DESKTOP-VIB7852', ip: '192.168.24.48', os.name: 'Windows 10', os.arch: 'amd64', os.version: '10.0', java.version: '1.8.0_362'
Driver info: driver.version: MobileDriverFactory$startMobileDriver
remote stacktrace: UnknownError: An unknown server-side error occurred while processing the command. Original error: Error executing adbExec. Original error: 'Command 'C:\\Users\\USER\\.katalon\\tools\\android_sdk\\platform-tools\\adb.exe -P 5037 -s Y9554SQWZD85YDOR forward tcp\:8227 tcp\:6790' exited with code 1'; Command output: adb.exe: error: device 'Y9554SQWZD85YDOR' not found

    at getResponseForW3CError (C:\Users\USER\AppData\Roaming\npm\node_modules\appium\node_modules\appium-base-driver\lib\protocol\errors.js:804:9)
    at asyncHandler (C:\Users\USER\AppData\Roaming\npm\node_modules\appium\node_modules\appium-base-driver\lib\protocol\protocol.js:380:37)
Build info: version: '3.141.59', revision: 'e82be7d358', time: '2018-11-14T08:25:53'
System info: host: 'DESKTOP-VIB7852', ip: '192.168.24.48', os.name: 'Windows 10', os.arch: 'amd64', os.version: '10.0', java.version: '1.8.0_362'
Driver info: driver.version: MobileDriverFactory$startMobileDriver
	at io.appium.java_client.remote.AppiumCommandExecutor$1.createSession(AppiumCommandExecutor.java:208)
	at io.appium.java_client.remote.AppiumCommandExecutor.createSession(AppiumCommandExecutor.java:217)
	at io.appium.java_client.remote.AppiumCommandExecutor.execute(AppiumCommandExecutor.java:239)
	at org.openqa.selenium.remote.RemoteWebDriver.execute(RemoteWebDriver.java:552)
	at io.appium.java_client.DefaultGenericMobileDriver.execute(DefaultGenericMobileDriver.java:42)
	at io.appium.java_client.AppiumDriver.execute(AppiumDriver.java:1)
	at io.appium.java_client.android.AndroidDriver.execute(AndroidDriver.java:1)
	at com.kms.katalon.core.appium.driver.SwipeableAndroidDriver.execute(SwipeableAndroidDriver.java:1)
	at org.openqa.selenium.remote.RemoteWebDriver.startSession(RemoteWebDriver.java:213)
	at org.openqa.selenium.remote.RemoteWebDriver.&lt;init&gt;(RemoteWebDriver.java:131)
	at io.appium.java_client.DefaultGenericMobileDriver.&lt;init&gt;(DefaultGenericMobileDriver.java:38)
	at io.appium.java_client.AppiumDriver.&lt;init&gt;(AppiumDriver.java:84)
	at io.appium.java_client.android.AndroidDriver.&lt;init&gt;(AndroidDriver.java:85)
	at com.kms.katalon.core.appium.driver.SwipeableAndroidDriver.&lt;init&gt;(SwipeableAndroidDriver.java:24)
	at com.kms.katalon.core.appium.driver.AppiumDriverManager.createMobileDriver(AppiumDriverManager.java:510)
	at com.kms.katalon.core.appium.driver.AppiumDriverManager.createMobileDriver(AppiumDriverManager.java:492)
	at com.kms.katalon.core.mobile.keyword.internal.MobileDriverFactory.startMobileDriver(MobileDriverFactory.java:446)
	at com.kms.katalon.core.mobile.keyword.internal.MobileDriverFactory$startMobileDriver.call(Unknown Source)
	at com.kms.katalon.core.mobile.keyword.builtin.StartExistingApplicationKeyword$_startApplication_closure1.doCall(StartExistingApplicationKeyword.groovy:49)
	at com.kms.katalon.core.mobile.keyword.builtin.StartExistingApplicationKeyword$_startApplication_closure1.doCall(StartExistingApplicationKeyword.groovy)
	at com.kms.katalon.core.mobile.keyword.internal.MobileKeywordMain.runKeyword(MobileKeywordMain.groovy:21)
	at com.kms.katalon.core.mobile.keyword.internal.MobileKeywordMain$runKeyword.call(Unknown Source)
	at com.kms.katalon.core.mobile.keyword.builtin.StartExistingApplicationKeyword.startApplication(StartExistingApplicationKeyword.groovy:52)
	at com.kms.katalon.core.mobile.keyword.builtin.StartExistingApplicationKeyword.execute(StartExistingApplicationKeyword.groovy:37)
	at com.kms.katalon.core.keyword.internal.KeywordExecutor.executeKeywordForPlatform(KeywordExecutor.groovy:74)
	at com.kms.katalon.core.mobile.keyword.MobileBuiltInKeywords.startExistingApplication(MobileBuiltInKeywords.groovy:92)
	at com.kms.katalon.core.mobile.keyword.MobileBuiltInKeywords$startExistingApplication.call(Unknown Source)
	at Quit apps from home page.run(Quit apps from home page:20)
	at com.kms.katalon.core.main.ScriptEngine.run(ScriptEngine.java:194)
	at com.kms.katalon.core.main.ScriptEngine.runScriptAsRawText(ScriptEngine.java:119)
	at com.kms.katalon.core.main.TestCaseExecutor.runScript(TestCaseExecutor.java:448)
	at com.kms.katalon.core.main.TestCaseExecutor.doExecute(TestCaseExecutor.java:439)
	at com.kms.katalon.core.main.TestCaseExecutor.processExecutionPhase(TestCaseExecutor.java:418)
	at com.kms.katalon.core.main.TestCaseExecutor.accessMainPhase(TestCaseExecutor.java:410)
	at com.kms.katalon.core.main.TestCaseExecutor.execute(TestCaseExecutor.java:285)
	at com.kms.katalon.core.common.CommonExecutor.accessTestCaseMainPhase(CommonExecutor.java:65)
	at com.kms.katalon.core.main.TestSuiteExecutor.accessTestSuiteMainPhase(TestSuiteExecutor.java:148)
	at com.kms.katalon.core.main.TestSuiteExecutor.execute(TestSuiteExecutor.java:106)
	at com.kms.katalon.core.main.TestCaseMain.startTestSuite(TestCaseMain.java:187)
	at com.kms.katalon.core.main.TestCaseMain$startTestSuite$0.call(Unknown Source)
	at TempTestSuite1708076003337.run(TempTestSuite1708076003337.groovy:36)
Caused by: java.lang.reflect.InvocationTargetException
	at io.appium.java_client.remote.AppiumCommandExecutor$1.createSession(AppiumCommandExecutor.java:186)
	at io.appium.java_client.remote.AppiumCommandExecutor.createSession(AppiumCommandExecutor.java:217)
	at io.appium.java_client.remote.AppiumCommandExecutor.execute(AppiumCommandExecutor.java:239)
	at org.openqa.selenium.remote.RemoteWebDriver.execute(RemoteWebDriver.java:552)
	at io.appium.java_client.DefaultGenericMobileDriver.execute(DefaultGenericMobileDriver.java:42)
	at io.appium.java_client.AppiumDriver.execute(AppiumDriver.java:1)
	at io.appium.java_client.android.AndroidDriver.execute(AndroidDriver.java:1)
	at com.kms.katalon.core.appium.driver.SwipeableAndroidDriver.execute(SwipeableAndroidDriver.java:1)
	at org.openqa.selenium.remote.RemoteWebDriver.startSession(RemoteWebDriver.java:213)
	at org.openqa.selenium.remote.RemoteWebDriver.&lt;init&gt;(RemoteWebDriver.java:131)
	at io.appium.java_client.DefaultGenericMobileDriver.&lt;init&gt;(DefaultGenericMobileDriver.java:38)
	at io.appium.java_client.AppiumDriver.&lt;init&gt;(AppiumDriver.java:84)
	at io.appium.java_client.android.AndroidDriver.&lt;init&gt;(AndroidDriver.java:85)
	at com.kms.katalon.core.appium.driver.SwipeableAndroidDriver.&lt;init&gt;(SwipeableAndroidDriver.java:24)
	at com.kms.katalon.core.appium.driver.AppiumDriverManager.createMobileDriver(AppiumDriverManager.java:510)
	at com.kms.katalon.core.appium.driver.AppiumDriverManager.createMobileDriver(AppiumDriverManager.java:492)
	at com.kms.katalon.core.mobile.keyword.internal.MobileDriverFactory.startMobileDriver(MobileDriverFactory.java:446)
	at com.kms.katalon.core.mobile.keyword.internal.MobileDriverFactory$startMobileDriver.call(Unknown Source)
	at com.kms.katalon.core.mobile.keyword.builtin.StartExistingApplicationKeyword$_startApplication_closure1.doCall(StartExistingApplicationKeyword.groovy:49)
	at com.kms.katalon.core.mobile.keyword.builtin.StartExistingApplicationKeyword$_startApplication_closure1.doCall(StartExistingApplicationKeyword.groovy)
	at com.kms.katalon.core.mobile.keyword.internal.MobileKeywordMain.runKeyword(MobileKeywordMain.groovy:21)
	at com.kms.katalon.core.mobile.keyword.internal.MobileKeywordMain$runKeyword.call(Unknown Source)
	at com.kms.katalon.core.mobile.keyword.builtin.StartExistingApplicationKeyword.startApplication(StartExistingApplicationKeyword.groovy:52)
	at com.kms.katalon.core.mobile.keyword.builtin.StartExistingApplicationKeyword.execute(StartExistingApplicationKeyword.groovy:37)
	at com.kms.katalon.core.keyword.internal.KeywordExecutor.executeKeywordForPlatform(KeywordExecutor.groovy:74)
	at com.kms.katalon.core.mobile.keyword.MobileBuiltInKeywords.startExistingApplication(MobileBuiltInKeywords.groovy:92)
	at com.kms.katalon.core.mobile.keyword.MobileBuiltInKeywords$startExistingApplication.call(Unknown Source)
	at Script1708075910349.run(Script1708075910349.groovy:20)
	... 13 more
Caused by: org.openqa.selenium.WebDriverException: An unknown server-side error occurred while processing the command. Original error: Error executing adbExec. Original error: 'Command 'C:\\Users\\USER\\.katalon\\tools\\android_sdk\\platform-tools\\adb.exe -P 5037 -s Y9554SQWZD85YDOR forward tcp\:8227 tcp\:6790' exited with code 1'; Command output: adb.exe: error: device 'Y9554SQWZD85YDOR' not found

Build info: version: '3.141.59', revision: 'e82be7d358', time: '2018-11-14T08:25:53'
System info: host: 'DESKTOP-VIB7852', ip: '192.168.24.48', os.name: 'Windows 10', os.arch: 'amd64', os.version: '10.0', java.version: '1.8.0_362'
Driver info: driver.version: MobileDriverFactory$startMobileDriver
remote stacktrace: UnknownError: An unknown server-side error occurred while processing the command. Original error: Error executing adbExec. Original error: 'Command 'C:\\Users\\USER\\.katalon\\tools\\android_sdk\\platform-tools\\adb.exe -P 5037 -s Y9554SQWZD85YDOR forward tcp\:8227 tcp\:6790' exited with code 1'; Command output: adb.exe: error: device 'Y9554SQWZD85YDOR' not found

    at getResponseForW3CError (C:\Users\USER\AppData\Roaming\npm\node_modules\appium\node_modules\appium-base-driver\lib\protocol\errors.js:804:9)
    at asyncHandler (C:\Users\USER\AppData\Roaming\npm\node_modules\appium\node_modules\appium-base-driver\lib\protocol\protocol.js:380:37)
	at org.openqa.selenium.remote.W3CHandshakeResponse.lambda$errorHandler$0(W3CHandshakeResponse.java:62)
	at org.openqa.selenium.remote.HandshakeResponse.lambda$getResponseFunction$0(HandshakeResponse.java:30)
	at org.openqa.selenium.remote.ProtocolHandshake.lambda$createSession$0(ProtocolHandshake.java:126)
	at org.openqa.selenium.remote.ProtocolHandshake.createSession(ProtocolHandshake.java:128)
	... 41 more
)</message>
    <frame>
      <class>com.kms.katalon.core.keyword.internal.KeywordMain</class>
      <method>stepFailed</method>
      <line>51</line>
    </frame>
    <frame>
      <class>com.kms.katalon.core.mobile.keyword.internal.MobileKeywordMain</class>
      <method>stepFailed</method>
      <line>40</line>
    </frame>
    <frame>
      <class>com.kms.katalon.core.mobile.keyword.internal.MobileKeywordMain</class>
      <method>runKeyword</method>
      <line>23</line>
    </frame>
    <frame>
      <class>com.kms.katalon.core.mobile.keyword.internal.MobileKeywordMain$runKeyword</class>
      <method>call</method>
    </frame>
    <frame>
      <class>com.kms.katalon.core.mobile.keyword.builtin.StartExistingApplicationKeyword</class>
      <method>startApplication</method>
      <line>52</line>
    </frame>
    <frame>
      <class>com.kms.katalon.core.mobile.keyword.builtin.StartExistingApplicationKeyword</class>
      <method>execute</method>
      <line>37</line>
    </frame>
    <frame>
      <class>com.kms.katalon.core.keyword.internal.KeywordExecutor</class>
      <method>executeKeywordForPlatform</method>
      <line>74</line>
    </frame>
    <frame>
      <class>com.kms.katalon.core.mobile.keyword.MobileBuiltInKeywords</class>
      <method>startExistingApplication</method>
      <line>92</line>
    </frame>
    <frame>
      <class>com.kms.katalon.core.mobile.keyword.MobileBuiltInKeywords$startExistingApplication</class>
      <method>call</method>
    </frame>
    <frame>
      <class>Quit apps from home page</class>
      <method>run</method>
      <line>20</line>
    </frame>
    <frame>
      <class>com.kms.katalon.core.main.ScriptEngine</class>
      <method>run</method>
      <line>194</line>
    </frame>
    <frame>
      <class>com.kms.katalon.core.main.ScriptEngine</class>
      <method>runScriptAsRawText</method>
      <line>119</line>
    </frame>
    <frame>
      <class>com.kms.katalon.core.main.TestCaseExecutor</class>
      <method>runScript</method>
      <line>448</line>
    </frame>
    <frame>
      <class>com.kms.katalon.core.main.TestCaseExecutor</class>
      <method>doExecute</method>
      <line>439</line>
    </frame>
    <frame>
      <class>com.kms.katalon.core.main.TestCaseExecutor</class>
      <method>processExecutionPhase</method>
      <line>418</line>
    </frame>
    <frame>
      <class>com.kms.katalon.core.main.TestCaseExecutor</class>
      <method>accessMainPhase</method>
      <line>410</line>
    </frame>
    <frame>
      <class>com.kms.katalon.core.main.TestCaseExecutor</class>
      <method>execute</method>
      <line>285</line>
    </frame>
    <frame>
      <class>com.kms.katalon.core.common.CommonExecutor</class>
      <method>accessTestCaseMainPhase</method>
      <line>65</line>
    </frame>
    <frame>
      <class>com.kms.katalon.core.main.TestSuiteExecutor</class>
      <method>accessTestSuiteMainPhase</method>
      <line>148</line>
    </frame>
    <frame>
      <class>com.kms.katalon.core.main.TestSuiteExecutor</class>
      <method>execute</method>
      <line>106</line>
    </frame>
    <frame>
      <class>com.kms.katalon.core.main.TestCaseMain</class>
      <method>startTestSuite</method>
      <line>187</line>
    </frame>
    <frame>
      <class>com.kms.katalon.core.main.TestCaseMain$startTestSuite$0</class>
      <method>call</method>
    </frame>
    <frame>
      <class>TempTestSuite1708076003337</class>
      <method>run</method>
      <line>36</line>
    </frame>
  </exception>
  <nestedLevel>0</nestedLevel>
  <escapedJava>false</escapedJava>
  <property name="failed.exception.stacktrace">org.openqa.selenium.WebDriverException: An unknown server-side error occurred while processing the command. Original error: Error executing adbExec. Original error: &apos;Command &apos;C:\\Users\\USER\\.katalon\\tools\\android_sdk\\platform-tools\\adb.exe -P 5037 -s Y9554SQWZD85YDOR forward tcp\:8227 tcp\:6790&apos; exited with code 1&apos;; Command output: adb.exe: error: device &apos;Y9554SQWZD85YDOR&apos; not found

Build info: version: &apos;3.141.59&apos;, revision: &apos;e82be7d358&apos;, time: &apos;2018-11-14T08:25:53&apos;
System info: host: &apos;DESKTOP-VIB7852&apos;, ip: &apos;192.168.24.48&apos;, os.name: &apos;Windows 10&apos;, os.arch: &apos;amd64&apos;, os.version: &apos;10.0&apos;, java.version: &apos;1.8.0_362&apos;
Driver info: driver.version: MobileDriverFactory$startMobileDriver
remote stacktrace: UnknownError: An unknown server-side error occurred while processing the command. Original error: Error executing adbExec. Original error: &apos;Command &apos;C:\\Users\\USER\\.katalon\\tools\\android_sdk\\platform-tools\\adb.exe -P 5037 -s Y9554SQWZD85YDOR forward tcp\:8227 tcp\:6790&apos; exited with code 1&apos;; Command output: adb.exe: error: device &apos;Y9554SQWZD85YDOR&apos; not found

    at getResponseForW3CError (C:\Users\USER\AppData\Roaming\npm\node_modules\appium\node_modules\appium-base-driver\lib\protocol\errors.js:804:9)
    at asyncHandler (C:\Users\USER\AppData\Roaming\npm\node_modules\appium\node_modules\appium-base-driver\lib\protocol\protocol.js:380:37)
	at org.openqa.selenium.remote.W3CHandshakeResponse.lambda$errorHandler$0(W3CHandshakeResponse.java:62)
	at org.openqa.selenium.remote.HandshakeResponse.lambda$getResponseFunction$0(HandshakeResponse.java:30)
	at org.openqa.selenium.remote.ProtocolHandshake.lambda$createSession$0(ProtocolHandshake.java:126)
	at org.openqa.selenium.remote.ProtocolHandshake.createSession(ProtocolHandshake.java:128)
	at io.appium.java_client.remote.AppiumCommandExecutor$1.createSession(AppiumCommandExecutor.java:186)
	at io.appium.java_client.remote.AppiumCommandExecutor.createSession(AppiumCommandExecutor.java:217)
	at io.appium.java_client.remote.AppiumCommandExecutor.execute(AppiumCommandExecutor.java:239)
	at org.openqa.selenium.remote.RemoteWebDriver.execute(RemoteWebDriver.java:552)
	at io.appium.java_client.DefaultGenericMobileDriver.execute(DefaultGenericMobileDriver.java:42)
	at io.appium.java_client.AppiumDriver.execute(AppiumDriver.java:1)
	at io.appium.java_client.android.AndroidDriver.execute(AndroidDriver.java:1)
	at com.kms.katalon.core.appium.driver.SwipeableAndroidDriver.execute(SwipeableAndroidDriver.java:1)
	at org.openqa.selenium.remote.RemoteWebDriver.startSession(RemoteWebDriver.java:213)
	at org.openqa.selenium.remote.RemoteWebDriver.&lt;init&gt;(RemoteWebDriver.java:131)
	at io.appium.java_client.DefaultGenericMobileDriver.&lt;init&gt;(DefaultGenericMobileDriver.java:38)
	at io.appium.java_client.AppiumDriver.&lt;init&gt;(AppiumDriver.java:84)
	at io.appium.java_client.android.AndroidDriver.&lt;init&gt;(AndroidDriver.java:85)
	at com.kms.katalon.core.appium.driver.SwipeableAndroidDriver.&lt;init&gt;(SwipeableAndroidDriver.java:24)
	at com.kms.katalon.core.appium.driver.AppiumDriverManager.createMobileDriver(AppiumDriverManager.java:510)
	at com.kms.katalon.core.appium.driver.AppiumDriverManager.createMobileDriver(AppiumDriverManager.java:492)
	at com.kms.katalon.core.mobile.keyword.internal.MobileDriverFactory.startMobileDriver(MobileDriverFactory.java:446)
	at com.kms.katalon.core.mobile.keyword.internal.MobileDriverFactory$startMobileDriver.call(Unknown Source)
	at com.kms.katalon.core.mobile.keyword.builtin.StartExistingApplicationKeyword$_startApplication_closure1.doCall(StartExistingApplicationKeyword.groovy:49)
	at com.kms.katalon.core.mobile.keyword.builtin.StartExistingApplicationKeyword$_startApplication_closure1.doCall(StartExistingApplicationKeyword.groovy)
	at com.kms.katalon.core.mobile.keyword.internal.MobileKeywordMain.runKeyword(MobileKeywordMain.groovy:21)
	at com.kms.katalon.core.mobile.keyword.internal.MobileKeywordMain$runKeyword.call(Unknown Source)
	at com.kms.katalon.core.mobile.keyword.builtin.StartExistingApplicationKeyword.startApplication(StartExistingApplicationKeyword.groovy:52)
	at com.kms.katalon.core.mobile.keyword.builtin.StartExistingApplicationKeyword.execute(StartExistingApplicationKeyword.groovy:37)
	at com.kms.katalon.core.keyword.internal.KeywordExecutor.executeKeywordForPlatform(KeywordExecutor.groovy:74)
	at com.kms.katalon.core.mobile.keyword.MobileBuiltInKeywords.startExistingApplication(MobileBuiltInKeywords.groovy:92)
	at com.kms.katalon.core.mobile.keyword.MobileBuiltInKeywords$startExistingApplication.call(Unknown Source)
	at Quit apps from home page.run(Quit apps from home page:20)
	at com.kms.katalon.core.main.ScriptEngine.run(ScriptEngine.java:194)
	at com.kms.katalon.core.main.ScriptEngine.runScriptAsRawText(ScriptEngine.java:119)
	at com.kms.katalon.core.main.TestCaseExecutor.runScript(TestCaseExecutor.java:448)
	at com.kms.katalon.core.main.TestCaseExecutor.doExecute(TestCaseExecutor.java:439)
	at com.kms.katalon.core.main.TestCaseExecutor.processExecutionPhase(TestCaseExecutor.java:418)
	at com.kms.katalon.core.main.TestCaseExecutor.accessMainPhase(TestCaseExecutor.java:410)
	at com.kms.katalon.core.main.TestCaseExecutor.execute(TestCaseExecutor.java:285)
	at com.kms.katalon.core.common.CommonExecutor.accessTestCaseMainPhase(CommonExecutor.java:65)
	at com.kms.katalon.core.main.TestSuiteExecutor.accessTestSuiteMainPhase(TestSuiteExecutor.java:148)
	at com.kms.katalon.core.main.TestSuiteExecutor.execute(TestSuiteExecutor.java:106)
	at com.kms.katalon.core.main.TestCaseMain.startTestSuite(TestCaseMain.java:187)
	at com.kms.katalon.core.main.TestCaseMain$startTestSuite$0.call(Unknown Source)
	at TempTestSuite1708076003337.run(TempTestSuite1708076003337.groovy:36)
</property>
  <property name="failed.exception.class">org.openqa.selenium.WebDriverException</property>
  <property name="failed.exception.message">An unknown server-side error occurred while processing the command. Original error: Error executing adbExec. Original error: &apos;Command &apos;C:\\Users\\USER\\.katalon\\tools\\android_sdk\\platform-tools\\adb.exe -P 5037 -s Y9554SQWZD85YDOR forward tcp\:8227 tcp\:6790&apos; exited with code 1&apos;; Command output: adb.exe: error: device &apos;Y9554SQWZD85YDOR&apos; not found

Build info: version: &apos;3.141.59&apos;, revision: &apos;e82be7d358&apos;, time: &apos;2018-11-14T08:25:53&apos;
System info: host: &apos;DESKTOP-VIB7852&apos;, ip: &apos;192.168.24.48&apos;, os.name: &apos;Windows 10&apos;, os.arch: &apos;amd64&apos;, os.version: &apos;10.0&apos;, java.version: &apos;1.8.0_362&apos;
Driver info: driver.version: MobileDriverFactory$startMobileDriver
remote stacktrace: UnknownError: An unknown server-side error occurred while processing the command. Original error: Error executing adbExec. Original error: &apos;Command &apos;C:\\Users\\USER\\.katalon\\tools\\android_sdk\\platform-tools\\adb.exe -P 5037 -s Y9554SQWZD85YDOR forward tcp\:8227 tcp\:6790&apos; exited with code 1&apos;; Command output: adb.exe: error: device &apos;Y9554SQWZD85YDOR&apos; not found

    at getResponseForW3CError (C:\Users\USER\AppData\Roaming\npm\node_modules\appium\node_modules\appium-base-driver\lib\protocol\errors.js:804:9)
    at asyncHandler (C:\Users\USER\AppData\Roaming\npm\node_modules\appium\node_modules\appium-base-driver\lib\protocol\protocol.js:380:37)</property>
</record>
<record>
  <date>2024-02-16T16:33:43</date>
  <millis>1708076023359</millis>
  <sequence>33</sequence>
  <level>END</level>
  <class>com.kms.katalon.core.logging.XmlKeywordLogger</class>
  <method>endTest</method>
  <thread>1</thread>
  <message>End Test Case : Test Cases/Quit apps from home page</message>
  <nestedLevel>0</nestedLevel>
  <escapedJava>false</escapedJava>
  <property name="executionBindingVariables">[]</property>
  <property name="applitools">false</property>
  <property name="keywordsUsage">{
  &quot;web_ui&quot;: false,
  &quot;web_service&quot;: false,
  &quot;cucumber&quot;: false,
  &quot;builtin&quot;: false,
  &quot;mobile&quot;: true,
  &quot;windows&quot;: false,
  &quot;testng&quot;: false
}</property>
</record>
<record>
  <date>2024-02-16T16:33:43</date>
  <millis>1708076023363</millis>
  <sequence>34</sequence>
  <level>START</level>
  <class>com.kms.katalon.core.logging.XmlKeywordLogger</class>
  <method>startKeyword</method>
  <thread>1</thread>
  <message>Start listener action : exportKatalonReports</message>
  <nestedLevel>0</nestedLevel>
  <escapedJava>false</escapedJava>
</record>
<record>
  <date>2024-02-16T16:33:44</date>
  <millis>1708076024006</millis>
  <sequence>76</sequence>
  <level>INFO</level>
  <class>com.kms.katalon.core.logging.XmlKeywordLogger</class>
  <method>logMessage</method>
  <thread>1</thread>
  <message>Start generating HTML report folder at: C:\Users\USER\Katalon Studio\Gitcode\Katalon-git-astro\Reports\20240216_163323\S1 Quit apps from homepage\20240216_163323...</message>
  <nestedLevel>0</nestedLevel>
  <escapedJava>false</escapedJava>
</record>
<record>
  <date>2024-02-16T16:33:44</date>
  <millis>1708076024103</millis>
  <sequence>77</sequence>
  <level>INFO</level>
  <class>com.kms.katalon.core.logging.XmlKeywordLogger</class>
  <method>logMessage</method>
  <thread>1</thread>
  <message>HTML report generated</message>
  <nestedLevel>0</nestedLevel>
  <escapedJava>false</escapedJava>
</record>
<record>
  <date>2024-02-16T16:33:44</date>
  <millis>1708076024103</millis>
  <sequence>78</sequence>
  <level>INFO</level>
  <class>com.kms.katalon.core.logging.XmlKeywordLogger</class>
  <method>logMessage</method>
  <thread>1</thread>
  <message>Start generating CSV report folder at: C:\Users\USER\Katalon Studio\Gitcode\Katalon-git-astro\Reports\20240216_163323\S1 Quit apps from homepage\20240216_163323...</message>
  <nestedLevel>0</nestedLevel>
  <escapedJava>false</escapedJava>
</record>
<record>
  <date>2024-02-16T16:33:44</date>
  <millis>1708076024144</millis>
  <sequence>79</sequence>
  <level>INFO</level>
  <class>com.kms.katalon.core.logging.XmlKeywordLogger</class>
  <method>logMessage</method>
  <thread>1</thread>
  <message>CSV report generated</message>
  <nestedLevel>0</nestedLevel>
  <escapedJava>false</escapedJava>
</record>
<record>
  <date>2024-02-16T16:33:44</date>
  <millis>1708076024188</millis>
  <sequence>81</sequence>
  <level>END</level>
  <class>com.kms.katalon.core.logging.XmlKeywordLogger</class>
  <method>endKeyword</method>
  <thread>1</thread>
  <message>End listener action : exportKatalonReports</message>
  <nestedLevel>0</nestedLevel>
  <escapedJava>false</escapedJava>
</record>
<record>
  <date>2024-02-16T16:33:44</date>
  <millis>1708076024211</millis>
  <sequence>82</sequence>
  <level>END</level>
  <class>com.kms.katalon.core.logging.XmlKeywordLogger</class>
  <method>endSuite</method>
  <thread>1</thread>
  <message>End Test Suite : Test Suites/S1 Quit apps from homepage</message>
  <nestedLevel>0</nestedLevel>
  <escapedJava>false</escapedJava>
</record>
</log>